E:\WORK\PROJECT\TESSERACT_OCR\SOURCE\TESSERACT3.02\BIN\LIBTESSERACT302-STATIC.LIB
E:\WORK\PROJECT\TESSERACT_OCR\SOURCE\TESSERACT3.02\TESSERACT-OCR\VS2010\TEMP\RELEASE\LIBTESSERACT302\ADAPTIONS.OBJ
E:\WORK\PROJECT\TESSERACT_OCR\SOURCE\TESSERACT3.02\TESSERACT-OCR\VS2010\TEMP\RELEASE\LIBTESSERACT302\ADAPTIVE.OBJ
E:\WORK\PROJECT\TESSERACT_OCR\SOURCE\TESSERACT3.02\TESSERACT-OCR\VS2010\TEMP\RELEASE\LIBTESSERACT302\ADAPTMATCH.OBJ
E:\WORK\PROJECT\TESSERACT_OCR\SOURCE\TESSERACT3.02\TESSERACT-OCR\VS2010\TEMP\RELEASE\LIBTESSERACT302\ALIGNEDBLOB.OBJ
E:\WORK\PROJECT\TESSERACT_OCR\SOURCE\TESSERACT3.02\TESSERACT-OCR\VS2010\TEMP\RELEASE\LIBTESSERACT302\ALTLIST.OBJ
E:\WORK\PROJECT\TESSERACT_OCR\SOURCE\TESSERACT3.02\TESSERACT-OCR\VS2010\TEMP\RELEASE\LIBTESSERACT302\AMBIGS.OBJ
E:\WORK\PROJECT\TESSERACT_OCR\SOURCE\TESSERACT3.02\TESSERACT-OCR\VS2010\TEMP\RELEASE\LIBTESSERACT302\APPLYBOX.OBJ
E:\WORK\PROJECT\TESSERACT_OCR\SOURCE\TESSERACT3.02\TESSERACT-OCR\VS2010\TEMP\RELEASE\LIBTESSERACT302\ASSOCIATE.OBJ
E:\WORK\PROJECT\TESSERACT_OCR\SOURCE\TESSERACT3.02\TESSERACT-OCR\VS2010\TEMP\RELEASE\LIBTESSERACT302\BASEAPI.OBJ
E:\WORK\PROJECT\TESSERACT_OCR\SOURCE\TESSERACT3.02\TESSERACT-OCR\VS2010\TEMP\RELEASE\LIBTESSERACT302\BASEDIR.OBJ
E:\WORK\PROJECT\TESSERACT_OCR\SOURCE\TESSERACT3.02\TESSERACT-OCR\VS2010\TEMP\RELEASE\LIBTESSERACT302\BBGRID.OBJ
E:\WORK\PROJECT\TESSERACT_OCR\SOURCE\TESSERACT3.02\TESSERACT-OCR\VS2010\TEMP\RELEASE\LIBTESSERACT302\BEAM_SEARCH.OBJ
E:\WORK\PROJECT\TESSERACT_OCR\SOURCE\TESSERACT3.02\TESSERACT-OCR\VS2010\TEMP\RELEASE\LIBTESSERACT302\BESTFIRST.OBJ
E:\WORK\PROJECT\TESSERACT_OCR\SOURCE\TESSERACT3.02\TESSERACT-OCR\VS2010\TEMP\RELEASE\LIBTESSERACT302\BITS16.OBJ
E:\WORK\PROJECT\TESSERACT_OCR\SOURCE\TESSERACT3.02\TESSERACT-OCR\VS2010\TEMP\RELEASE\LIBTESSERACT302\BITVEC.OBJ
E:\WORK\PROJECT\TESSERACT_OCR\SOURCE\TESSERACT3.02\TESSERACT-OCR\VS2010\TEMP\RELEASE\LIBTESSERACT302\BITVECTOR.OBJ
E:\WORK\PROJECT\TESSERACT_OCR\SOURCE\TESSERACT3.02\TESSERACT-OCR\VS2010\TEMP\RELEASE\LIBTESSERACT302\BLKOCC.OBJ
E:\WORK\PROJECT\TESSERACT_OCR\SOURCE\TESSERACT3.02\TESSERACT-OCR\VS2010\TEMP\RELEASE\LIBTESSERACT302\BLOBBOX.OBJ
E:\WORK\PROJECT\TESSERACT_OCR\SOURCE\TESSERACT3.02\TESSERACT-OCR\VS2010\TEMP\RELEASE\LIBTESSERACT302\BLOBCLASS.OBJ
E:\WORK\PROJECT\TESSERACT_OCR\SOURCE\TESSERACT3.02\TESSERACT-OCR\VS2010\TEMP\RELEASE\LIBTESSERACT302\BLOBGRID.OBJ
E:\WORK\PROJECT\TESSERACT_OCR\SOURCE\TESSERACT3.02\TESSERACT-OCR\VS2010\TEMP\RELEASE\LIBTESSERACT302\BLOBS.OBJ
E:\WORK\PROJECT\TESSERACT_OCR\SOURCE\TESSERACT3.02\TESSERACT-OCR\VS2010\TEMP\RELEASE\LIBTESSERACT302\BLREAD.OBJ
E:\WORK\PROJECT\TESSERACT_OCR\SOURCE\TESSERACT3.02\TESSERACT-OCR\VS2010\TEMP\RELEASE\LIBTESSERACT302\BMP_8.OBJ
E:\WORK\PROJECT\TESSERACT_OCR\SOURCE\TESSERACT3.02\TESSERACT-OCR\VS2010\TEMP\RELEASE\LIBTESSERACT302\BOXREAD.OBJ
E:\WORK\PROJECT\TESSERACT_OCR\SOURCE\TESSERACT3.02\TESSERACT-OCR\VS2010\TEMP\RELEASE\LIBTESSERACT302\BOXWORD.OBJ
E:\WORK\PROJECT\TESSERACT_OCR\SOURCE\TESSERACT3.02\TESSERACT-OCR\VS2010\TEMP\RELEASE\LIBTESSERACT302\CACHED_FILE.OBJ
E:\WORK\PROJECT\TESSERACT_OCR\SOURCE\TESSERACT3.02\TESSERACT-OCR\VS2010\TEMP\RELEASE\LIBTESSERACT302\CALLCPP.OBJ
E:\WORK\PROJECT\TESSERACT_OCR\SOURCE\TESSERACT3.02\TESSERACT-OCR\VS2010\TEMP\RELEASE\LIBTESSERACT302\CAPI.OBJ
E:\WORK\PROJECT\TESSERACT_OCR\SOURCE\TESSERACT3.02\TESSERACT-OCR\VS2010\TEMP\RELEASE\LIBTESSERACT302\CCNONTEXTDETECT.OBJ
E:\WORK\PROJECT\TESSERACT_OCR\SOURCE\TESSERACT3.02\TESSERACT-OCR\VS2010\TEMP\RELEASE\LIBTESSERACT302\CCSTRUCT.OBJ
E:\WORK\PROJECT\TESSERACT_OCR\SOURCE\TESSERACT3.02\TESSERACT-OCR\VS2010\TEMP\RELEASE\LIBTESSERACT302\CCUTIL.OBJ
E:\WORK\PROJECT\TESSERACT_OCR\SOURCE\TESSERACT3.02\TESSERACT-OCR\VS2010\TEMP\RELEASE\LIBTESSERACT302\CHAR_ALTLIST.OBJ
E:\WORK\PROJECT\TESSERACT_OCR\SOURCE\TESSERACT3.02\TESSERACT-OCR\VS2010\TEMP\RELEASE\LIBTESSERACT302\CHAR_BIGRAMS.OBJ
E:\WORK\PROJECT\TESSERACT_OCR\SOURCE\TESSERACT3.02\TESSERACT-OCR\VS2010\TEMP\RELEASE\LIBTESSERACT302\CHAR_SAMP.OBJ
E:\WORK\PROJECT\TESSERACT_OCR\SOURCE\TESSERACT3.02\TESSERACT-OCR\VS2010\TEMP\RELEASE\LIBTESSERACT302\CHAR_SAMP_ENUM.OBJ
E:\WORK\PROJECT\TESSERACT_OCR\SOURCE\TESSERACT3.02\TESSERACT-OCR\VS2010\TEMP\RELEASE\LIBTESSERACT302\CHAR_SAMP_SET.OBJ
E:\WORK\PROJECT\TESSERACT_OCR\SOURCE\TESSERACT3.02\TESSERACT-OCR\VS2010\TEMP\RELEASE\LIBTESSERACT302\CHAR_SET.OBJ
E:\WORK\PROJECT\TESSERACT_OCR\SOURCE\TESSERACT3.02\TESSERACT-OCR\VS2010\TEMP\RELEASE\LIBTESSERACT302\CHARTONAME.OBJ
E:\WORK\PROJECT\TESSERACT_OCR\SOURCE\TESSERACT3.02\TESSERACT-OCR\VS2010\TEMP\RELEASE\LIBTESSERACT302\CHOP.OBJ
E:\WORK\PROJECT\TESSERACT_OCR\SOURCE\TESSERACT3.02\TESSERACT-OCR\VS2010\TEMP\RELEASE\LIBTESSERACT302\CHOPPER.OBJ
E:\WORK\PROJECT\TESSERACT_OCR\SOURCE\TESSERACT3.02\TESSERACT-OCR\VS2010\TEMP\RELEASE\LIBTESSERACT302\CJKPITCH.OBJ
E:\work\project\Tesseract_Ocr\source\Tesseract3.02\tesseract-ocr\vs2010\Temp\Release\libtesseract302\CL.3408.read.1.tlog
E:\work\project\Tesseract_Ocr\source\Tesseract3.02\tesseract-ocr\vs2010\Temp\Release\libtesseract302\CL.3408.write.1.tlog
E:\work\project\Tesseract_Ocr\source\Tesseract3.02\tesseract-ocr\vs2010\Temp\Release\libtesseract302\CL.6004.read.1.tlog
E:\work\project\Tesseract_Ocr\source\Tesseract3.02\tesseract-ocr\vs2010\Temp\Release\libtesseract302\CL.6004.write.1.tlog
E:\work\project\Tesseract_Ocr\source\Tesseract3.02\tesseract-ocr\vs2010\Temp\Release\libtesseract302\CL.6428.read.1.tlog
E:\work\project\Tesseract_Ocr\source\Tesseract3.02\tesseract-ocr\vs2010\Temp\Release\libtesseract302\CL.6428.write.1.tlog
E:\work\project\Tesseract_Ocr\source\Tesseract3.02\tesseract-ocr\vs2010\Temp\Release\libtesseract302\CL.6560.read.1.tlog
E:\work\project\Tesseract_Ocr\source\Tesseract3.02\tesseract-ocr\vs2010\Temp\Release\libtesseract302\CL.6560.write.1.tlog
E:\work\project\Tesseract_Ocr\source\Tesseract3.02\tesseract-ocr\vs2010\Temp\Release\libtesseract302\cl.command.1.tlog
E:\work\project\Tesseract_Ocr\source\Tesseract3.02\tesseract-ocr\vs2010\Temp\Release\libtesseract302\CL.read.1.tlog
E:\work\project\Tesseract_Ocr\source\Tesseract3.02\tesseract-ocr\vs2010\Temp\Release\libtesseract302\CL.write.1.tlog
E:\WORK\PROJECT\TESSERACT_OCR\SOURCE\TESSERACT3.02\TESSERACT-OCR\VS2010\TEMP\RELEASE\LIBTESSERACT302\CLASSIFIER_FACTORY.OBJ
E:\WORK\PROJECT\TESSERACT_OCR\SOURCE\TESSERACT3.02\TESSERACT-OCR\VS2010\TEMP\RELEASE\LIBTESSERACT302\CLASSIFY.OBJ
E:\WORK\PROJECT\TESSERACT_OCR\SOURCE\TESSERACT3.02\TESSERACT-OCR\VS2010\TEMP\RELEASE\LIBTESSERACT302\CLOSED.OBJ
E:\WORK\PROJECT\TESSERACT_OCR\SOURCE\TESSERACT3.02\TESSERACT-OCR\VS2010\TEMP\RELEASE\LIBTESSERACT302\CLST.OBJ
E:\WORK\PROJECT\TESSERACT_OCR\SOURCE\TESSERACT3.02\TESSERACT-OCR\VS2010\TEMP\RELEASE\LIBTESSERACT302\CLUSTER.OBJ
E:\WORK\PROJECT\TESSERACT_OCR\SOURCE\TESSERACT3.02\TESSERACT-OCR\VS2010\TEMP\RELEASE\LIBTESSERACT302\CLUSTTOOL.OBJ
E:\WORK\PROJECT\TESSERACT_OCR\SOURCE\TESSERACT3.02\TESSERACT-OCR\VS2010\TEMP\RELEASE\LIBTESSERACT302\COLFIND.OBJ
E:\WORK\PROJECT\TESSERACT_OCR\SOURCE\TESSERACT3.02\TESSERACT-OCR\VS2010\TEMP\RELEASE\LIBTESSERACT302\COLPARTITION.OBJ
E:\WORK\PROJECT\TESSERACT_OCR\SOURCE\TESSERACT3.02\TESSERACT-OCR\VS2010\TEMP\RELEASE\LIBTESSERACT302\COLPARTITIONGRID.OBJ
E:\WORK\PROJECT\TESSERACT_OCR\SOURCE\TESSERACT3.02\TESSERACT-OCR\VS2010\TEMP\RELEASE\LIBTESSERACT302\COLPARTITIONSET.OBJ
E:\WORK\PROJECT\TESSERACT_OCR\SOURCE\TESSERACT3.02\TESSERACT-OCR\VS2010\TEMP\RELEASE\LIBTESSERACT302\COMMONTRAINING.OBJ
E:\WORK\PROJECT\TESSERACT_OCR\SOURCE\TESSERACT3.02\TESSERACT-OCR\VS2010\TEMP\RELEASE\LIBTESSERACT302\CON_COMP.OBJ
E:\WORK\PROJECT\TESSERACT_OCR\SOURCE\TESSERACT3.02\TESSERACT-OCR\VS2010\TEMP\RELEASE\LIBTESSERACT302\CONTEXT.OBJ
E:\WORK\PROJECT\TESSERACT_OCR\SOURCE\TESSERACT3.02\TESSERACT-OCR\VS2010\TEMP\RELEASE\LIBTESSERACT302\CONTROL.OBJ
E:\WORK\PROJECT\TESSERACT_OCR\SOURCE\TESSERACT3.02\TESSERACT-OCR\VS2010\TEMP\RELEASE\LIBTESSERACT302\CONV_NET_CLASSIFIER.OBJ
E:\WORK\PROJECT\TESSERACT_OCR\SOURCE\TESSERACT3.02\TESSERACT-OCR\VS2010\TEMP\RELEASE\LIBTESSERACT302\COUTLN.OBJ
E:\WORK\PROJECT\TESSERACT_OCR\SOURCE\TESSERACT3.02\TESSERACT-OCR\VS2010\TEMP\RELEASE\LIBTESSERACT302\CUBE_CONTROL.OBJ
E:\WORK\PROJECT\TESSERACT_OCR\SOURCE\TESSERACT3.02\TESSERACT-OCR\VS2010\TEMP\RELEASE\LIBTESSERACT302\CUBE_LINE_OBJECT.OBJ
E:\WORK\PROJECT\TESSERACT_OCR\SOURCE\TESSERACT3.02\TESSERACT-OCR\VS2010\TEMP\RELEASE\LIBTESSERACT302\CUBE_LINE_SEGMENTER.OBJ
E:\WORK\PROJECT\TESSERACT_OCR\SOURCE\TESSERACT3.02\TESSERACT-OCR\VS2010\TEMP\RELEASE\LIBTESSERACT302\CUBE_OBJECT.OBJ
E:\WORK\PROJECT\TESSERACT_OCR\SOURCE\TESSERACT3.02\TESSERACT-OCR\VS2010\TEMP\RELEASE\LIBTESSERACT302\CUBE_RECO_CONTEXT.OBJ
E:\WORK\PROJECT\TESSERACT_OCR\SOURCE\TESSERACT3.02\TESSERACT-OCR\VS2010\TEMP\RELEASE\LIBTESSERACT302\CUBE_SEARCH_OBJECT.OBJ
E:\WORK\PROJECT\TESSERACT_OCR\SOURCE\TESSERACT3.02\TESSERACT-OCR\VS2010\TEMP\RELEASE\LIBTESSERACT302\CUBE_TUNING_PARAMS.OBJ
E:\WORK\PROJECT\TESSERACT_OCR\SOURCE\TESSERACT3.02\TESSERACT-OCR\VS2010\TEMP\RELEASE\LIBTESSERACT302\CUBE_UTILS.OBJ
E:\WORK\PROJECT\TESSERACT_OCR\SOURCE\TESSERACT3.02\TESSERACT-OCR\VS2010\TEMP\RELEASE\LIBTESSERACT302\CUBECLASSIFIER.OBJ
E:\WORK\PROJECT\TESSERACT_OCR\SOURCE\TESSERACT3.02\TESSERACT-OCR\VS2010\TEMP\RELEASE\LIBTESSERACT302\CUTIL.OBJ
E:\WORK\PROJECT\TESSERACT_OCR\SOURCE\TESSERACT3.02\TESSERACT-OCR\VS2010\TEMP\RELEASE\LIBTESSERACT302\CUTIL_CLASS.OBJ
E:\WORK\PROJECT\TESSERACT_OCR\SOURCE\TESSERACT3.02\TESSERACT-OCR\VS2010\TEMP\RELEASE\LIBTESSERACT302\CUTOFFS.OBJ
E:\WORK\PROJECT\TESSERACT_OCR\SOURCE\TESSERACT3.02\TESSERACT-OCR\VS2010\TEMP\RELEASE\LIBTESSERACT302\DANERROR.OBJ
E:\WORK\PROJECT\TESSERACT_OCR\SOURCE\TESSERACT3.02\TESSERACT-OCR\VS2010\TEMP\RELEASE\LIBTESSERACT302\DAWG.OBJ
E:\WORK\PROJECT\TESSERACT_OCR\SOURCE\TESSERACT3.02\TESSERACT-OCR\VS2010\TEMP\RELEASE\LIBTESSERACT302\DETLINEFIT.OBJ
E:\WORK\PROJECT\TESSERACT_OCR\SOURCE\TESSERACT3.02\TESSERACT-OCR\VS2010\TEMP\RELEASE\LIBTESSERACT302\DEVANAGARI_PROCESSING.OBJ
E:\WORK\PROJECT\TESSERACT_OCR\SOURCE\TESSERACT3.02\TESSERACT-OCR\VS2010\TEMP\RELEASE\LIBTESSERACT302\DICT.OBJ
E:\WORK\PROJECT\TESSERACT_OCR\SOURCE\TESSERACT3.02\TESSERACT-OCR\VS2010\TEMP\RELEASE\LIBTESSERACT302\DOCQUAL.OBJ
E:\WORK\PROJECT\TESSERACT_OCR\SOURCE\TESSERACT3.02\TESSERACT-OCR\VS2010\TEMP\RELEASE\LIBTESSERACT302\DPPOINT.OBJ
E:\WORK\PROJECT\TESSERACT_OCR\SOURCE\TESSERACT3.02\TESSERACT-OCR\VS2010\TEMP\RELEASE\LIBTESSERACT302\DRAWEDG.OBJ
E:\WORK\PROJECT\TESSERACT_OCR\SOURCE\TESSERACT3.02\TESSERACT-OCR\VS2010\TEMP\RELEASE\LIBTESSERACT302\DRAWFX.OBJ
E:\WORK\PROJECT\TESSERACT_OCR\SOURCE\TESSERACT3.02\TESSERACT-OCR\VS2010\TEMP\RELEASE\LIBTESSERACT302\DRAWTORD.OBJ
E:\WORK\PROJECT\TESSERACT_OCR\SOURCE\TESSERACT3.02\TESSERACT-OCR\VS2010\TEMP\RELEASE\LIBTESSERACT302\EDGBLOB.OBJ
E:\WORK\PROJECT\TESSERACT_OCR\SOURCE\TESSERACT3.02\TESSERACT-OCR\VS2010\TEMP\RELEASE\LIBTESSERACT302\EDGLOOP.OBJ
E:\WORK\PROJECT\TESSERACT_OCR\SOURCE\TESSERACT3.02\TESSERACT-OCR\VS2010\TEMP\RELEASE\LIBTESSERACT302\EFIO.OBJ
E:\WORK\PROJECT\TESSERACT_OCR\SOURCE\TESSERACT3.02\TESSERACT-OCR\VS2010\TEMP\RELEASE\LIBTESSERACT302\ELST.OBJ
E:\WORK\PROJECT\TESSERACT_OCR\SOURCE\TESSERACT3.02\TESSERACT-OCR\VS2010\TEMP\RELEASE\LIBTESSERACT302\ELST2.OBJ
E:\WORK\PROJECT\TESSERACT_OCR\SOURCE\TESSERACT3.02\TESSERACT-OCR\VS2010\TEMP\RELEASE\LIBTESSERACT302\EMALLOC.OBJ
E:\WORK\PROJECT\TESSERACT_OCR\SOURCE\TESSERACT3.02\TESSERACT-OCR\VS2010\TEMP\RELEASE\LIBTESSERACT302\EQUATIONDETECT.OBJ
E:\WORK\PROJECT\TESSERACT_OCR\SOURCE\TESSERACT3.02\TESSERACT-OCR\VS2010\TEMP\RELEASE\LIBTESSERACT302\EQUATIONDETECTBASE.OBJ
E:\WORK\PROJECT\TESSERACT_OCR\SOURCE\TESSERACT3.02\TESSERACT-OCR\VS2010\TEMP\RELEASE\LIBTESSERACT302\ERRCODE.OBJ
E:\WORK\PROJECT\TESSERACT_OCR\SOURCE\TESSERACT3.02\TESSERACT-OCR\VS2010\TEMP\RELEASE\LIBTESSERACT302\ERRORCOUNTER.OBJ
E:\WORK\PROJECT\TESSERACT_OCR\SOURCE\TESSERACT3.02\TESSERACT-OCR\VS2010\TEMP\RELEASE\LIBTESSERACT302\EXTRACT.OBJ
E:\WORK\PROJECT\TESSERACT_OCR\SOURCE\TESSERACT3.02\TESSERACT-OCR\VS2010\TEMP\RELEASE\LIBTESSERACT302\FEATDEFS.OBJ
E:\WORK\PROJECT\TESSERACT_OCR\SOURCE\TESSERACT3.02\TESSERACT-OCR\VS2010\TEMP\RELEASE\LIBTESSERACT302\FEATURE_BMP.OBJ
E:\WORK\PROJECT\TESSERACT_OCR\SOURCE\TESSERACT3.02\TESSERACT-OCR\VS2010\TEMP\RELEASE\LIBTESSERACT302\FEATURE_CHEBYSHEV.OBJ
E:\WORK\PROJECT\TESSERACT_OCR\SOURCE\TESSERACT3.02\TESSERACT-OCR\VS2010\TEMP\RELEASE\LIBTESSERACT302\FEATURE_HYBRID.OBJ
E:\WORK\PROJECT\TESSERACT_OCR\SOURCE\TESSERACT3.02\TESSERACT-OCR\VS2010\TEMP\RELEASE\LIBTESSERACT302\FINDSEAM.OBJ
E:\WORK\PROJECT\TESSERACT_OCR\SOURCE\TESSERACT3.02\TESSERACT-OCR\VS2010\TEMP\RELEASE\LIBTESSERACT302\FIXSPACE.OBJ
E:\WORK\PROJECT\TESSERACT_OCR\SOURCE\TESSERACT3.02\TESSERACT-OCR\VS2010\TEMP\RELEASE\LIBTESSERACT302\FIXXHT.OBJ
E:\WORK\PROJECT\TESSERACT_OCR\SOURCE\TESSERACT3.02\TESSERACT-OCR\VS2010\TEMP\RELEASE\LIBTESSERACT302\FLEXFX.OBJ
E:\WORK\PROJECT\TESSERACT_OCR\SOURCE\TESSERACT3.02\TESSERACT-OCR\VS2010\TEMP\RELEASE\LIBTESSERACT302\FLOAT2INT.OBJ
E:\WORK\PROJECT\TESSERACT_OCR\SOURCE\TESSERACT3.02\TESSERACT-OCR\VS2010\TEMP\RELEASE\LIBTESSERACT302\FONTINFO.OBJ
E:\WORK\PROJECT\TESSERACT_OCR\SOURCE\TESSERACT3.02\TESSERACT-OCR\VS2010\TEMP\RELEASE\LIBTESSERACT302\FPCHOP.OBJ
E:\WORK\PROJECT\TESSERACT_OCR\SOURCE\TESSERACT3.02\TESSERACT-OCR\VS2010\TEMP\RELEASE\LIBTESSERACT302\FPOINT.OBJ
E:\WORK\PROJECT\TESSERACT_OCR\SOURCE\TESSERACT3.02\TESSERACT-OCR\VS2010\TEMP\RELEASE\LIBTESSERACT302\FREELIST.OBJ
E:\WORK\PROJECT\TESSERACT_OCR\SOURCE\TESSERACT3.02\TESSERACT-OCR\VS2010\TEMP\RELEASE\LIBTESSERACT302\FXDEFS.OBJ
E:\WORK\PROJECT\TESSERACT_OCR\SOURCE\TESSERACT3.02\TESSERACT-OCR\VS2010\TEMP\RELEASE\LIBTESSERACT302\GAP_MAP.OBJ
E:\WORK\PROJECT\TESSERACT_OCR\SOURCE\TESSERACT3.02\TESSERACT-OCR\VS2010\TEMP\RELEASE\LIBTESSERACT302\GENBLOB.OBJ
E:\WORK\PROJECT\TESSERACT_OCR\SOURCE\TESSERACT3.02\TESSERACT-OCR\VS2010\TEMP\RELEASE\LIBTESSERACT302\GETTIMEOFDAY.OBJ
E:\WORK\PROJECT\TESSERACT_OCR\SOURCE\TESSERACT3.02\TESSERACT-OCR\VS2010\TEMP\RELEASE\LIBTESSERACT302\GLOBALOC.OBJ
E:\WORK\PROJECT\TESSERACT_OCR\SOURCE\TESSERACT3.02\TESSERACT-OCR\VS2010\TEMP\RELEASE\LIBTESSERACT302\GRADECHOP.OBJ
E:\WORK\PROJECT\TESSERACT_OCR\SOURCE\TESSERACT3.02\TESSERACT-OCR\VS2010\TEMP\RELEASE\LIBTESSERACT302\HASHFN.OBJ
E:\WORK\PROJECT\TESSERACT_OCR\SOURCE\TESSERACT3.02\TESSERACT-OCR\VS2010\TEMP\RELEASE\LIBTESSERACT302\HEURISTIC.OBJ
E:\WORK\PROJECT\TESSERACT_OCR\SOURCE\TESSERACT3.02\TESSERACT-OCR\VS2010\TEMP\RELEASE\LIBTESSERACT302\HYBRID_NEURAL_NET_CLASSIFIER.OBJ
E:\WORK\PROJECT\TESSERACT_OCR\SOURCE\TESSERACT3.02\TESSERACT-OCR\VS2010\TEMP\RELEASE\LIBTESSERACT302\HYPHEN.OBJ
E:\WORK\PROJECT\TESSERACT_OCR\SOURCE\TESSERACT3.02\TESSERACT-OCR\VS2010\TEMP\RELEASE\LIBTESSERACT302\IMAGE.OBJ
E:\WORK\PROJECT\TESSERACT_OCR\SOURCE\TESSERACT3.02\TESSERACT-OCR\VS2010\TEMP\RELEASE\LIBTESSERACT302\IMAGEFIND.OBJ
E:\WORK\PROJECT\TESSERACT_OCR\SOURCE\TESSERACT3.02\TESSERACT-OCR\VS2010\TEMP\RELEASE\LIBTESSERACT302\IMGS.OBJ
E:\WORK\PROJECT\TESSERACT_OCR\SOURCE\TESSERACT3.02\TESSERACT-OCR\VS2010\TEMP\RELEASE\LIBTESSERACT302\IMGSCALE.OBJ
E:\WORK\PROJECT\TESSERACT_OCR\SOURCE\TESSERACT3.02\TESSERACT-OCR\VS2010\TEMP\RELEASE\LIBTESSERACT302\IMGTIFF.OBJ
E:\WORK\PROJECT\TESSERACT_OCR\SOURCE\TESSERACT3.02\TESSERACT-OCR\VS2010\TEMP\RELEASE\LIBTESSERACT302\INDEXMAPBIDI.OBJ
E:\WORK\PROJECT\TESSERACT_OCR\SOURCE\TESSERACT3.02\TESSERACT-OCR\VS2010\TEMP\RELEASE\LIBTESSERACT302\INPUT_FILE_BUFFER.OBJ
E:\WORK\PROJECT\TESSERACT_OCR\SOURCE\TESSERACT3.02\TESSERACT-OCR\VS2010\TEMP\RELEASE\LIBTESSERACT302\INTFEATUREDIST.OBJ
E:\WORK\PROJECT\TESSERACT_OCR\SOURCE\TESSERACT3.02\TESSERACT-OCR\VS2010\TEMP\RELEASE\LIBTESSERACT302\INTFEATUREMAP.OBJ
E:\WORK\PROJECT\TESSERACT_OCR\SOURCE\TESSERACT3.02\TESSERACT-OCR\VS2010\TEMP\RELEASE\LIBTESSERACT302\INTFEATURESPACE.OBJ
E:\WORK\PROJECT\TESSERACT_OCR\SOURCE\TESSERACT3.02\TESSERACT-OCR\VS2010\TEMP\RELEASE\LIBTESSERACT302\INTFX.OBJ
E:\WORK\PROJECT\TESSERACT_OCR\SOURCE\TESSERACT3.02\TESSERACT-OCR\VS2010\TEMP\RELEASE\LIBTESSERACT302\INTMATCHER.OBJ
E:\WORK\PROJECT\TESSERACT_OCR\SOURCE\TESSERACT3.02\TESSERACT-OCR\VS2010\TEMP\RELEASE\LIBTESSERACT302\INTPROTO.OBJ
E:\WORK\PROJECT\TESSERACT_OCR\SOURCE\TESSERACT3.02\TESSERACT-OCR\VS2010\TEMP\RELEASE\LIBTESSERACT302\KDTREE.OBJ
E:\WORK\PROJECT\TESSERACT_OCR\SOURCE\TESSERACT3.02\TESSERACT-OCR\VS2010\TEMP\RELEASE\LIBTESSERACT302\LANGUAGE_MODEL.OBJ
E:\work\project\Tesseract_Ocr\source\Tesseract3.02\tesseract-ocr\vs2010\Temp\Release\libtesseract302\lib.command.1.tlog
E:\work\project\Tesseract_Ocr\source\Tesseract3.02\tesseract-ocr\vs2010\Temp\Release\libtesseract302\Lib-link.read.1.tlog
E:\work\project\Tesseract_Ocr\source\Tesseract3.02\tesseract-ocr\vs2010\Temp\Release\libtesseract302\Lib-link.write.1.tlog
E:\work\project\Tesseract_Ocr\source\Tesseract3.02\tesseract-ocr\vs2010\Temp\Release\libtesseract302\libtesseract302.write.1.tlog
E:\WORK\PROJECT\TESSERACT_OCR\SOURCE\TESSERACT3.02\TESSERACT-OCR\VS2010\TEMP\RELEASE\LIBTESSERACT302\LINEFIND.OBJ
E:\WORK\PROJECT\TESSERACT_OCR\SOURCE\TESSERACT3.02\TESSERACT-OCR\VS2010\TEMP\RELEASE\LIBTESSERACT302\LINLSQ.OBJ
E:\WORK\PROJECT\TESSERACT_OCR\SOURCE\TESSERACT3.02\TESSERACT-OCR\VS2010\TEMP\RELEASE\LIBTESSERACT302\LISTIO.OBJ
E:\WORK\PROJECT\TESSERACT_OCR\SOURCE\TESSERACT3.02\TESSERACT-OCR\VS2010\TEMP\RELEASE\LIBTESSERACT302\LTRRESULTITERATOR.OBJ
E:\WORK\PROJECT\TESSERACT_OCR\SOURCE\TESSERACT3.02\TESSERACT-OCR\VS2010\TEMP\RELEASE\LIBTESSERACT302\MAINBLK.OBJ
E:\WORK\PROJECT\TESSERACT_OCR\SOURCE\TESSERACT3.02\TESSERACT-OCR\VS2010\TEMP\RELEASE\LIBTESSERACT302\MAKECHOP.OBJ
E:\WORK\PROJECT\TESSERACT_OCR\SOURCE\TESSERACT3.02\TESSERACT-OCR\VS2010\TEMP\RELEASE\LIBTESSERACT302\MAKEROW.OBJ
E:\WORK\PROJECT\TESSERACT_OCR\SOURCE\TESSERACT3.02\TESSERACT-OCR\VS2010\TEMP\RELEASE\LIBTESSERACT302\MASTERTRAINER.OBJ
E:\WORK\PROJECT\TESSERACT_OCR\SOURCE\TESSERACT3.02\TESSERACT-OCR\VS2010\TEMP\RELEASE\LIBTESSERACT302\MATCHTAB.OBJ
E:\WORK\PROJECT\TESSERACT_OCR\SOURCE\TESSERACT3.02\TESSERACT-OCR\VS2010\TEMP\RELEASE\LIBTESSERACT302\MATRIX.OBJ
E:\WORK\PROJECT\TESSERACT_OCR\SOURCE\TESSERACT3.02\TESSERACT-OCR\VS2010\TEMP\RELEASE\LIBTESSERACT302\MEMRY.OBJ
E:\WORK\PROJECT\TESSERACT_OCR\SOURCE\TESSERACT3.02\TESSERACT-OCR\VS2010\TEMP\RELEASE\LIBTESSERACT302\MF.OBJ
E:\WORK\PROJECT\TESSERACT_OCR\SOURCE\TESSERACT3.02\TESSERACT-OCR\VS2010\TEMP\RELEASE\LIBTESSERACT302\MFCPCH.OBJ
E:\WORK\PROJECT\TESSERACT_OCR\SOURCE\TESSERACT3.02\TESSERACT-OCR\VS2010\TEMP\RELEASE\LIBTESSERACT302\MFDEFS.OBJ
E:\WORK\PROJECT\TESSERACT_OCR\SOURCE\TESSERACT3.02\TESSERACT-OCR\VS2010\TEMP\RELEASE\LIBTESSERACT302\MFOUTLINE.OBJ
E:\WORK\PROJECT\TESSERACT_OCR\SOURCE\TESSERACT3.02\TESSERACT-OCR\VS2010\TEMP\RELEASE\LIBTESSERACT302\MFX.OBJ
E:\WORK\PROJECT\TESSERACT_OCR\SOURCE\TESSERACT3.02\TESSERACT-OCR\VS2010\TEMP\RELEASE\LIBTESSERACT302\MOD128.OBJ
E:\WORK\PROJECT\TESSERACT_OCR\SOURCE\TESSERACT3.02\TESSERACT-OCR\VS2010\TEMP\RELEASE\LIBTESSERACT302\NEURAL_NET.OBJ
E:\WORK\PROJECT\TESSERACT_OCR\SOURCE\TESSERACT3.02\TESSERACT-OCR\VS2010\TEMP\RELEASE\LIBTESSERACT302\NEURON.OBJ
E:\WORK\PROJECT\TESSERACT_OCR\SOURCE\TESSERACT3.02\TESSERACT-OCR\VS2010\TEMP\RELEASE\LIBTESSERACT302\NORMALIS.OBJ
E:\WORK\PROJECT\TESSERACT_OCR\SOURCE\TESSERACT3.02\TESSERACT-OCR\VS2010\TEMP\RELEASE\LIBTESSERACT302\NORMFEAT.OBJ
E:\WORK\PROJECT\TESSERACT_OCR\SOURCE\TESSERACT3.02\TESSERACT-OCR\VS2010\TEMP\RELEASE\LIBTESSERACT302\NORMMATCH.OBJ
E:\WORK\PROJECT\TESSERACT_OCR\SOURCE\TESSERACT3.02\TESSERACT-OCR\VS2010\TEMP\RELEASE\LIBTESSERACT302\OCRBLOCK.OBJ
E:\WORK\PROJECT\TESSERACT_OCR\SOURCE\TESSERACT3.02\TESSERACT-OCR\VS2010\TEMP\RELEASE\LIBTESSERACT302\OCRFEATURES.OBJ
E:\WORK\PROJECT\TESSERACT_OCR\SOURCE\TESSERACT3.02\TESSERACT-OCR\VS2010\TEMP\RELEASE\LIBTESSERACT302\OCRPARA.OBJ
E:\WORK\PROJECT\TESSERACT_OCR\SOURCE\TESSERACT3.02\TESSERACT-OCR\VS2010\TEMP\RELEASE\LIBTESSERACT302\OCRROW.OBJ
E:\WORK\PROJECT\TESSERACT_OCR\SOURCE\TESSERACT3.02\TESSERACT-OCR\VS2010\TEMP\RELEASE\LIBTESSERACT302\OLDBASEL.OBJ
E:\WORK\PROJECT\TESSERACT_OCR\SOURCE\TESSERACT3.02\TESSERACT-OCR\VS2010\TEMP\RELEASE\LIBTESSERACT302\OLDHEAP.OBJ
E:\WORK\PROJECT\TESSERACT_OCR\SOURCE\TESSERACT3.02\TESSERACT-OCR\VS2010\TEMP\RELEASE\LIBTESSERACT302\OLDLIST.OBJ
E:\WORK\PROJECT\TESSERACT_OCR\SOURCE\TESSERACT3.02\TESSERACT-OCR\VS2010\TEMP\RELEASE\LIBTESSERACT302\OLUTIL.OBJ
E:\WORK\PROJECT\TESSERACT_OCR\SOURCE\TESSERACT3.02\TESSERACT-OCR\VS2010\TEMP\RELEASE\LIBTESSERACT302\OSDETECT.OBJ
E:\WORK\PROJECT\TESSERACT_OCR\SOURCE\TESSERACT3.02\TESSERACT-OCR\VS2010\TEMP\RELEASE\LIBTESSERACT302\OTSUTHR.OBJ
E:\WORK\PROJECT\TESSERACT_OCR\SOURCE\TESSERACT3.02\TESSERACT-OCR\VS2010\TEMP\RELEASE\LIBTESSERACT302\OUTFEAT.OBJ
E:\WORK\PROJECT\TESSERACT_OCR\SOURCE\TESSERACT3.02\TESSERACT-OCR\VS2010\TEMP\RELEASE\LIBTESSERACT302\OUTLINES.OBJ
E:\WORK\PROJECT\TESSERACT_OCR\SOURCE\TESSERACT3.02\TESSERACT-OCR\VS2010\TEMP\RELEASE\LIBTESSERACT302\OUTPUT.OBJ
E:\WORK\PROJECT\TESSERACT_OCR\SOURCE\TESSERACT3.02\TESSERACT-OCR\VS2010\TEMP\RELEASE\LIBTESSERACT302\PAGEITERATOR.OBJ
E:\WORK\PROJECT\TESSERACT_OCR\SOURCE\TESSERACT3.02\TESSERACT-OCR\VS2010\TEMP\RELEASE\LIBTESSERACT302\PAGERES.OBJ
E:\WORK\PROJECT\TESSERACT_OCR\SOURCE\TESSERACT3.02\TESSERACT-OCR\VS2010\TEMP\RELEASE\LIBTESSERACT302\PAGESEGMAIN.OBJ
E:\WORK\PROJECT\TESSERACT_OCR\SOURCE\TESSERACT3.02\TESSERACT-OCR\VS2010\TEMP\RELEASE\LIBTESSERACT302\PAGEWALK.OBJ
E:\WORK\PROJECT\TESSERACT_OCR\SOURCE\TESSERACT3.02\TESSERACT-OCR\VS2010\TEMP\RELEASE\LIBTESSERACT302\PARAGRAPHS.OBJ
E:\WORK\PROJECT\TESSERACT_OCR\SOURCE\TESSERACT3.02\TESSERACT-OCR\VS2010\TEMP\RELEASE\LIBTESSERACT302\PARAMS.OBJ
E:\WORK\PROJECT\TESSERACT_OCR\SOURCE\TESSERACT3.02\TESSERACT-OCR\VS2010\TEMP\RELEASE\LIBTESSERACT302\PARAMSD.OBJ
E:\WORK\PROJECT\TESSERACT_OCR\SOURCE\TESSERACT3.02\TESSERACT-OCR\VS2010\TEMP\RELEASE\LIBTESSERACT302\PDBLOCK.OBJ
E:\WORK\PROJECT\TESSERACT_OCR\SOURCE\TESSERACT3.02\TESSERACT-OCR\VS2010\TEMP\RELEASE\LIBTESSERACT302\PERMDAWG.OBJ
E:\WORK\PROJECT\TESSERACT_OCR\SOURCE\TESSERACT3.02\TESSERACT-OCR\VS2010\TEMP\RELEASE\LIBTESSERACT302\PERMUTE.OBJ
E:\WORK\PROJECT\TESSERACT_OCR\SOURCE\TESSERACT3.02\TESSERACT-OCR\VS2010\TEMP\RELEASE\LIBTESSERACT302\PGEDIT.OBJ
E:\WORK\PROJECT\TESSERACT_OCR\SOURCE\TESSERACT3.02\TESSERACT-OCR\VS2010\TEMP\RELEASE\LIBTESSERACT302\PICOFEAT.OBJ
E:\WORK\PROJECT\TESSERACT_OCR\SOURCE\TESSERACT3.02\TESSERACT-OCR\VS2010\TEMP\RELEASE\LIBTESSERACT302\PIECES.OBJ
E:\WORK\PROJECT\TESSERACT_OCR\SOURCE\TESSERACT3.02\TESSERACT-OCR\VS2010\TEMP\RELEASE\LIBTESSERACT302\PITHSYNC.OBJ
E:\WORK\PROJECT\TESSERACT_OCR\SOURCE\TESSERACT3.02\TESSERACT-OCR\VS2010\TEMP\RELEASE\LIBTESSERACT302\PITSYNC1.OBJ
E:\WORK\PROJECT\TESSERACT_OCR\SOURCE\TESSERACT3.02\TESSERACT-OCR\VS2010\TEMP\RELEASE\LIBTESSERACT302\PLOTEDGES.OBJ
E:\WORK\PROJECT\TESSERACT_OCR\SOURCE\TESSERACT3.02\TESSERACT-OCR\VS2010\TEMP\RELEASE\LIBTESSERACT302\PLOTSEG.OBJ
E:\WORK\PROJECT\TESSERACT_OCR\SOURCE\TESSERACT3.02\TESSERACT-OCR\VS2010\TEMP\RELEASE\LIBTESSERACT302\POINTS.OBJ
E:\WORK\PROJECT\TESSERACT_OCR\SOURCE\TESSERACT3.02\TESSERACT-OCR\VS2010\TEMP\RELEASE\LIBTESSERACT302\POLYAPRX.OBJ
E:\WORK\PROJECT\TESSERACT_OCR\SOURCE\TESSERACT3.02\TESSERACT-OCR\VS2010\TEMP\RELEASE\LIBTESSERACT302\POLYBLK.OBJ
E:\WORK\PROJECT\TESSERACT_OCR\SOURCE\TESSERACT3.02\TESSERACT-OCR\VS2010\TEMP\RELEASE\LIBTESSERACT302\PROTOS.OBJ
E:\WORK\PROJECT\TESSERACT_OCR\SOURCE\TESSERACT3.02\TESSERACT-OCR\VS2010\TEMP\RELEASE\LIBTESSERACT302\PUBLICTYPES.OBJ
E:\WORK\PROJECT\TESSERACT_OCR\SOURCE\TESSERACT3.02\TESSERACT-OCR\VS2010\TEMP\RELEASE\LIBTESSERACT302\QUADLSQ.OBJ
E:\WORK\PROJECT\TESSERACT_OCR\SOURCE\TESSERACT3.02\TESSERACT-OCR\VS2010\TEMP\RELEASE\LIBTESSERACT302\QUADRATC.OBJ
E:\WORK\PROJECT\TESSERACT_OCR\SOURCE\TESSERACT3.02\TESSERACT-OCR\VS2010\TEMP\RELEASE\LIBTESSERACT302\QUSPLINE.OBJ
E:\WORK\PROJECT\TESSERACT_OCR\SOURCE\TESSERACT3.02\TESSERACT-OCR\VS2010\TEMP\RELEASE\LIBTESSERACT302\RATNGS.OBJ
E:\WORK\PROJECT\TESSERACT_OCR\SOURCE\TESSERACT3.02\TESSERACT-OCR\VS2010\TEMP\RELEASE\LIBTESSERACT302\RECOGTRAINING.OBJ
E:\WORK\PROJECT\TESSERACT_OCR\SOURCE\TESSERACT3.02\TESSERACT-OCR\VS2010\TEMP\RELEASE\LIBTESSERACT302\RECT.OBJ
E:\WORK\PROJECT\TESSERACT_OCR\SOURCE\TESSERACT3.02\TESSERACT-OCR\VS2010\TEMP\RELEASE\LIBTESSERACT302\REJCTMAP.OBJ
E:\WORK\PROJECT\TESSERACT_OCR\SOURCE\TESSERACT3.02\TESSERACT-OCR\VS2010\TEMP\RELEASE\LIBTESSERACT302\REJECT.OBJ
E:\WORK\PROJECT\TESSERACT_OCR\SOURCE\TESSERACT3.02\TESSERACT-OCR\VS2010\TEMP\RELEASE\LIBTESSERACT302\RENDER.OBJ
E:\WORK\PROJECT\TESSERACT_OCR\SOURCE\TESSERACT3.02\TESSERACT-OCR\VS2010\TEMP\RELEASE\LIBTESSERACT302\RESULTITERATOR.OBJ
E:\WORK\PROJECT\TESSERACT_OCR\SOURCE\TESSERACT3.02\TESSERACT-OCR\VS2010\TEMP\RELEASE\LIBTESSERACT302\SAMPLEITERATOR.OBJ
E:\WORK\PROJECT\TESSERACT_OCR\SOURCE\TESSERACT3.02\TESSERACT-OCR\VS2010\TEMP\RELEASE\LIBTESSERACT302\SCALEIMG.OBJ
E:\WORK\PROJECT\TESSERACT_OCR\SOURCE\TESSERACT3.02\TESSERACT-OCR\VS2010\TEMP\RELEASE\LIBTESSERACT302\SCANEDG.OBJ
E:\WORK\PROJECT\TESSERACT_OCR\SOURCE\TESSERACT3.02\TESSERACT-OCR\VS2010\TEMP\RELEASE\LIBTESSERACT302\SCROLLVIEW.OBJ
E:\WORK\PROJECT\TESSERACT_OCR\SOURCE\TESSERACT3.02\TESSERACT-OCR\VS2010\TEMP\RELEASE\LIBTESSERACT302\SEAM.OBJ
E:\WORK\PROJECT\TESSERACT_OCR\SOURCE\TESSERACT3.02\TESSERACT-OCR\VS2010\TEMP\RELEASE\LIBTESSERACT302\SEARCH_COLUMN.OBJ
E:\WORK\PROJECT\TESSERACT_OCR\SOURCE\TESSERACT3.02\TESSERACT-OCR\VS2010\TEMP\RELEASE\LIBTESSERACT302\SEARCH_NODE.OBJ
E:\WORK\PROJECT\TESSERACT_OCR\SOURCE\TESSERACT3.02\TESSERACT-OCR\VS2010\TEMP\RELEASE\LIBTESSERACT302\SEGSEARCH.OBJ
E:\WORK\PROJECT\TESSERACT_OCR\SOURCE\TESSERACT3.02\TESSERACT-OCR\VS2010\TEMP\RELEASE\LIBTESSERACT302\SERIALIS.OBJ
E:\WORK\PROJECT\TESSERACT_OCR\SOURCE\TESSERACT3.02\TESSERACT-OCR\VS2010\TEMP\RELEASE\LIBTESSERACT302\SHAPETABLE.OBJ
E:\WORK\PROJECT\TESSERACT_OCR\SOURCE\TESSERACT3.02\TESSERACT-OCR\VS2010\TEMP\RELEASE\LIBTESSERACT302\SIGMOID_TABLE.OBJ
E:\WORK\PROJECT\TESSERACT_OCR\SOURCE\TESSERACT3.02\TESSERACT-OCR\VS2010\TEMP\RELEASE\LIBTESSERACT302\SORTFLTS.OBJ
E:\WORK\PROJECT\TESSERACT_OCR\SOURCE\TESSERACT3.02\TESSERACT-OCR\VS2010\TEMP\RELEASE\LIBTESSERACT302\SPECKLE.OBJ
E:\WORK\PROJECT\TESSERACT_OCR\SOURCE\TESSERACT3.02\TESSERACT-OCR\VS2010\TEMP\RELEASE\LIBTESSERACT302\SPLIT.OBJ
E:\WORK\PROJECT\TESSERACT_OCR\SOURCE\TESSERACT3.02\TESSERACT-OCR\VS2010\TEMP\RELEASE\LIBTESSERACT302\STATES.OBJ
E:\WORK\PROJECT\TESSERACT_OCR\SOURCE\TESSERACT3.02\TESSERACT-OCR\VS2010\TEMP\RELEASE\LIBTESSERACT302\STATISTC.OBJ
E:\WORK\PROJECT\TESSERACT_OCR\SOURCE\TESSERACT3.02\TESSERACT-OCR\VS2010\TEMP\RELEASE\LIBTESSERACT302\STEPBLOB.OBJ
E:\WORK\PROJECT\TESSERACT_OCR\SOURCE\TESSERACT3.02\TESSERACT-OCR\VS2010\TEMP\RELEASE\LIBTESSERACT302\STOPPER.OBJ
E:\WORK\PROJECT\TESSERACT_OCR\SOURCE\TESSERACT3.02\TESSERACT-OCR\VS2010\TEMP\RELEASE\LIBTESSERACT302\STRNGS.OBJ
E:\WORK\PROJECT\TESSERACT_OCR\SOURCE\TESSERACT3.02\TESSERACT-OCR\VS2010\TEMP\RELEASE\LIBTESSERACT302\STROKEWIDTH.OBJ
E:\WORK\PROJECT\TESSERACT_OCR\SOURCE\TESSERACT3.02\TESSERACT-OCR\VS2010\TEMP\RELEASE\LIBTESSERACT302\STRTOK_R.OBJ
E:\WORK\PROJECT\TESSERACT_OCR\SOURCE\TESSERACT3.02\TESSERACT-OCR\VS2010\TEMP\RELEASE\LIBTESSERACT302\STRUCTURES.OBJ
E:\WORK\PROJECT\TESSERACT_OCR\SOURCE\TESSERACT3.02\TESSERACT-OCR\VS2010\TEMP\RELEASE\LIBTESSERACT302\SVMNODE.OBJ
E:\WORK\PROJECT\TESSERACT_OCR\SOURCE\TESSERACT3.02\TESSERACT-OCR\VS2010\TEMP\RELEASE\LIBTESSERACT302\SVPAINT.OBJ
E:\WORK\PROJECT\TESSERACT_OCR\SOURCE\TESSERACT3.02\TESSERACT-OCR\VS2010\TEMP\RELEASE\LIBTESSERACT302\SVSHOWIM.OBJ
E:\WORK\PROJECT\TESSERACT_OCR\SOURCE\TESSERACT3.02\TESSERACT-OCR\VS2010\TEMP\RELEASE\LIBTESSERACT302\SVUTIL.OBJ
E:\WORK\PROJECT\TESSERACT_OCR\SOURCE\TESSERACT3.02\TESSERACT-OCR\VS2010\TEMP\RELEASE\LIBTESSERACT302\TABFIND.OBJ
E:\WORK\PROJECT\TESSERACT_OCR\SOURCE\TESSERACT3.02\TESSERACT-OCR\VS2010\TEMP\RELEASE\LIBTESSERACT302\TABLEFIND.OBJ
E:\WORK\PROJECT\TESSERACT_OCR\SOURCE\TESSERACT3.02\TESSERACT-OCR\VS2010\TEMP\RELEASE\LIBTESSERACT302\TABLERECOG.OBJ
E:\WORK\PROJECT\TESSERACT_OCR\SOURCE\TESSERACT3.02\TESSERACT-OCR\VS2010\TEMP\RELEASE\LIBTESSERACT302\TABVECTOR.OBJ
E:\WORK\PROJECT\TESSERACT_OCR\SOURCE\TESSERACT3.02\TESSERACT-OCR\VS2010\TEMP\RELEASE\LIBTESSERACT302\TESS_LANG_MOD_EDGE.OBJ
E:\WORK\PROJECT\TESSERACT_OCR\SOURCE\TESSERACT3.02\TESSERACT-OCR\VS2010\TEMP\RELEASE\LIBTESSERACT302\TESS_LANG_MODEL.OBJ
E:\WORK\PROJECT\TESSERACT_OCR\SOURCE\TESSERACT3.02\TESSERACT-OCR\VS2010\TEMP\RELEASE\LIBTESSERACT302\TESSARRAY.OBJ
E:\WORK\PROJECT\TESSERACT_OCR\SOURCE\TESSERACT3.02\TESSERACT-OCR\VS2010\TEMP\RELEASE\LIBTESSERACT302\TESSBOX.OBJ
E:\WORK\PROJECT\TESSERACT_OCR\SOURCE\TESSERACT3.02\TESSERACT-OCR\VS2010\TEMP\RELEASE\LIBTESSERACT302\TESSCLASSIFIER.OBJ
E:\WORK\PROJECT\TESSERACT_OCR\SOURCE\TESSERACT3.02\TESSERACT-OCR\VS2010\TEMP\RELEASE\LIBTESSERACT302\TESSDATAMANAGER.OBJ
E:\WORK\PROJECT\TESSERACT_OCR\SOURCE\TESSERACT3.02\TESSERACT-OCR\VS2010\TEMP\RELEASE\LIBTESSERACT302\TESSEDIT.OBJ
E:\WORK\PROJECT\TESSERACT_OCR\SOURCE\TESSERACT3.02\TESSERACT-OCR\VS2010\TEMP\RELEASE\LIBTESSERACT302\TESSERACT_CUBE_COMBINER.OBJ
E:\WORK\PROJECT\TESSERACT_OCR\SOURCE\TESSERACT3.02\TESSERACT-OCR\VS2010\TEMP\RELEASE\LIBTESSERACT302\TESSERACTCLASS.OBJ
E:\WORK\PROJECT\TESSERACT_OCR\SOURCE\TESSERACT3.02\TESSERACT-OCR\VS2010\TEMP\RELEASE\LIBTESSERACT302\TESSOPT.OBJ
E:\WORK\PROJECT\TESSERACT_OCR\SOURCE\TESSERACT3.02\TESSERACT-OCR\VS2010\TEMP\RELEASE\LIBTESSERACT302\TESSVARS.OBJ
E:\WORK\PROJECT\TESSERACT_OCR\SOURCE\TESSERACT3.02\TESSERACT-OCR\VS2010\TEMP\RELEASE\LIBTESSERACT302\TEXTLINEPROJECTION.OBJ
E:\WORK\PROJECT\TESSERACT_OCR\SOURCE\TESSERACT3.02\TESSERACT-OCR\VS2010\TEMP\RELEASE\LIBTESSERACT302\TEXTORD.OBJ
E:\WORK\PROJECT\TESSERACT_OCR\SOURCE\TESSERACT3.02\TESSERACT-OCR\VS2010\TEMP\RELEASE\LIBTESSERACT302\TFACE.OBJ
E:\WORK\PROJECT\TESSERACT_OCR\SOURCE\TESSERACT3.02\TESSERACT-OCR\VS2010\TEMP\RELEASE\LIBTESSERACT302\TFACEPP.OBJ
E:\WORK\PROJECT\TESSERACT_OCR\SOURCE\TESSERACT3.02\TESSERACT-OCR\VS2010\TEMP\RELEASE\LIBTESSERACT302\THRESHOLDER.OBJ
E:\WORK\PROJECT\TESSERACT_OCR\SOURCE\TESSERACT3.02\TESSERACT-OCR\VS2010\TEMP\RELEASE\LIBTESSERACT302\TOPITCH.OBJ
E:\WORK\PROJECT\TESSERACT_OCR\SOURCE\TESSERACT3.02\TESSERACT-OCR\VS2010\TEMP\RELEASE\LIBTESSERACT302\TORDMAIN.OBJ
E:\WORK\PROJECT\TESSERACT_OCR\SOURCE\TESSERACT3.02\TESSERACT-OCR\VS2010\TEMP\RELEASE\LIBTESSERACT302\TOSPACE.OBJ
E:\WORK\PROJECT\TESSERACT_OCR\SOURCE\TESSERACT3.02\TESSERACT-OCR\VS2010\TEMP\RELEASE\LIBTESSERACT302\TOVARS.OBJ
E:\WORK\PROJECT\TESSERACT_OCR\SOURCE\TESSERACT3.02\TESSERACT-OCR\VS2010\TEMP\RELEASE\LIBTESSERACT302\TPRINTF.OBJ
E:\WORK\PROJECT\TESSERACT_OCR\SOURCE\TESSERACT3.02\TESSERACT-OCR\VS2010\TEMP\RELEASE\LIBTESSERACT302\TRAININGSAMPLE.OBJ
E:\WORK\PROJECT\TESSERACT_OCR\SOURCE\TESSERACT3.02\TESSERACT-OCR\VS2010\TEMP\RELEASE\LIBTESSERACT302\TRAININGSAMPLESET.OBJ
E:\WORK\PROJECT\TESSERACT_OCR\SOURCE\TESSERACT3.02\TESSERACT-OCR\VS2010\TEMP\RELEASE\LIBTESSERACT302\TRIE.OBJ
E:\WORK\PROJECT\TESSERACT_OCR\SOURCE\TESSERACT3.02\TESSERACT-OCR\VS2010\TEMP\RELEASE\LIBTESSERACT302\UNDERLIN.OBJ
E:\WORK\PROJECT\TESSERACT_OCR\SOURCE\TESSERACT3.02\TESSERACT-OCR\VS2010\TEMP\RELEASE\LIBTESSERACT302\UNICHAR.OBJ
E:\WORK\PROJECT\TESSERACT_OCR\SOURCE\TESSERACT3.02\TESSERACT-OCR\VS2010\TEMP\RELEASE\LIBTESSERACT302\UNICHARMAP.OBJ
E:\WORK\PROJECT\TESSERACT_OCR\SOURCE\TESSERACT3.02\TESSERACT-OCR\VS2010\TEMP\RELEASE\LIBTESSERACT302\UNICHARSET.OBJ
E:\WORK\PROJECT\TESSERACT_OCR\SOURCE\TESSERACT3.02\TESSERACT-OCR\VS2010\TEMP\RELEASE\LIBTESSERACT302\UNICODES.OBJ
E:\WORK\PROJECT\TESSERACT_OCR\SOURCE\TESSERACT3.02\TESSERACT-OCR\VS2010\TEMP\RELEASE\LIBTESSERACT302\VECFUNCS.OBJ
E:\WORK\PROJECT\TESSERACT_OCR\SOURCE\TESSERACT3.02\TESSERACT-OCR\VS2010\TEMP\RELEASE\LIBTESSERACT302\WERD.OBJ
E:\WORK\PROJECT\TESSERACT_OCR\SOURCE\TESSERACT3.02\TESSERACT-OCR\VS2010\TEMP\RELEASE\LIBTESSERACT302\WERDIT.OBJ
E:\WORK\PROJECT\TESSERACT_OCR\SOURCE\TESSERACT3.02\TESSERACT-OCR\VS2010\TEMP\RELEASE\LIBTESSERACT302\WORD_ALTLIST.OBJ
E:\WORK\PROJECT\TESSERACT_OCR\SOURCE\TESSERACT3.02\TESSERACT-OCR\VS2010\TEMP\RELEASE\LIBTESSERACT302\WORD_LIST_LANG_MODEL.OBJ
E:\WORK\PROJECT\TESSERACT_OCR\SOURCE\TESSERACT3.02\TESSERACT-OCR\VS2010\TEMP\RELEASE\LIBTESSERACT302\WORD_SIZE_MODEL.OBJ
E:\WORK\PROJECT\TESSERACT_OCR\SOURCE\TESSERACT3.02\TESSERACT-OCR\VS2010\TEMP\RELEASE\LIBTESSERACT302\WORD_UNIGRAMS.OBJ
E:\WORK\PROJECT\TESSERACT_OCR\SOURCE\TESSERACT3.02\TESSERACT-OCR\VS2010\TEMP\RELEASE\LIBTESSERACT302\WORDCLASS.OBJ
E:\WORK\PROJECT\TESSERACT_OCR\SOURCE\TESSERACT3.02\TESSERACT-OCR\VS2010\TEMP\RELEASE\LIBTESSERACT302\WORDREC.OBJ
E:\WORK\PROJECT\TESSERACT_OCR\SOURCE\TESSERACT3.02\TESSERACT-OCR\VS2010\TEMP\RELEASE\LIBTESSERACT302\WORDSEG.OBJ
E:\WORK\PROJECT\TESSERACT_OCR\SOURCE\TESSERACT3.02\TESSERACT-OCR\VS2010\TEMP\RELEASE\LIBTESSERACT302\WORKINGPARTSET.OBJ
E:\WORK\PROJECT\TESSERACT_OCR\SOURCE\TESSERACT3.02\TESSERACT-OCR\VS2010\TEMP\RELEASE\LIBTESSERACT302\XFORM2D.OBJ
