E:\WORK\PROJECT\TESSERACT_OCR\SOURCE\TESSERACT3.02\BIN\LIBLEPT169-STATIC-DEBUG.LIB
E:\WORK\PROJECT\TESSERACT_OCR\SOURCE\TESSERACT3.02\LEPTONICA\TEMP\DEBUG\LIBLEPT169\ADAPTMAP.OBJ
E:\WORK\PROJECT\TESSERACT_OCR\SOURCE\TESSERACT3.02\LEPTONICA\TEMP\DEBUG\LIBLEPT169\ADLER32.OBJ
E:\WORK\PROJECT\TESSERACT_OCR\SOURCE\TESSERACT3.02\LEPTONICA\TEMP\DEBUG\LIBLEPT169\AFFINE.OBJ
E:\WORK\PROJECT\TESSERACT_OCR\SOURCE\TESSERACT3.02\LEPTONICA\TEMP\DEBUG\LIBLEPT169\AFFINECOMPOSE.OBJ
E:\WORK\PROJECT\TESSERACT_OCR\SOURCE\TESSERACT3.02\LEPTONICA\TEMP\DEBUG\LIBLEPT169\ARITHLOW.OBJ
E:\WORK\PROJECT\TESSERACT_OCR\SOURCE\TESSERACT3.02\LEPTONICA\TEMP\DEBUG\LIBLEPT169\ARRAYACCESS.OBJ
E:\WORK\PROJECT\TESSERACT_OCR\SOURCE\TESSERACT3.02\LEPTONICA\TEMP\DEBUG\LIBLEPT169\BARDECODE.OBJ
E:\WORK\PROJECT\TESSERACT_OCR\SOURCE\TESSERACT3.02\LEPTONICA\TEMP\DEBUG\LIBLEPT169\BASELINE.OBJ
E:\WORK\PROJECT\TESSERACT_OCR\SOURCE\TESSERACT3.02\LEPTONICA\TEMP\DEBUG\LIBLEPT169\BBUFFER.OBJ
E:\WORK\PROJECT\TESSERACT_OCR\SOURCE\TESSERACT3.02\LEPTONICA\TEMP\DEBUG\LIBLEPT169\BILINEAR.OBJ
E:\WORK\PROJECT\TESSERACT_OCR\SOURCE\TESSERACT3.02\LEPTONICA\TEMP\DEBUG\LIBLEPT169\BINARIZE.OBJ
E:\WORK\PROJECT\TESSERACT_OCR\SOURCE\TESSERACT3.02\LEPTONICA\TEMP\DEBUG\LIBLEPT169\BINEXPAND.OBJ
E:\WORK\PROJECT\TESSERACT_OCR\SOURCE\TESSERACT3.02\LEPTONICA\TEMP\DEBUG\LIBLEPT169\BINEXPANDLOW.OBJ
E:\WORK\PROJECT\TESSERACT_OCR\SOURCE\TESSERACT3.02\LEPTONICA\TEMP\DEBUG\LIBLEPT169\BINREDUCE.OBJ
E:\WORK\PROJECT\TESSERACT_OCR\SOURCE\TESSERACT3.02\LEPTONICA\TEMP\DEBUG\LIBLEPT169\BINREDUCELOW.OBJ
E:\WORK\PROJECT\TESSERACT_OCR\SOURCE\TESSERACT3.02\LEPTONICA\TEMP\DEBUG\LIBLEPT169\BLEND.OBJ
E:\WORK\PROJECT\TESSERACT_OCR\SOURCE\TESSERACT3.02\LEPTONICA\TEMP\DEBUG\LIBLEPT169\BMF.OBJ
E:\WORK\PROJECT\TESSERACT_OCR\SOURCE\TESSERACT3.02\LEPTONICA\TEMP\DEBUG\LIBLEPT169\BMPIO.OBJ
E:\WORK\PROJECT\TESSERACT_OCR\SOURCE\TESSERACT3.02\LEPTONICA\TEMP\DEBUG\LIBLEPT169\BOXBASIC.OBJ
E:\WORK\PROJECT\TESSERACT_OCR\SOURCE\TESSERACT3.02\LEPTONICA\TEMP\DEBUG\LIBLEPT169\BOXFUNC1.OBJ
E:\WORK\PROJECT\TESSERACT_OCR\SOURCE\TESSERACT3.02\LEPTONICA\TEMP\DEBUG\LIBLEPT169\BOXFUNC2.OBJ
E:\WORK\PROJECT\TESSERACT_OCR\SOURCE\TESSERACT3.02\LEPTONICA\TEMP\DEBUG\LIBLEPT169\BOXFUNC3.OBJ
E:\WORK\PROJECT\TESSERACT_OCR\SOURCE\TESSERACT3.02\LEPTONICA\TEMP\DEBUG\LIBLEPT169\BOXFUNC4.OBJ
E:\WORK\PROJECT\TESSERACT_OCR\SOURCE\TESSERACT3.02\LEPTONICA\TEMP\DEBUG\LIBLEPT169\BYTEARRAY.OBJ
E:\WORK\PROJECT\TESSERACT_OCR\SOURCE\TESSERACT3.02\LEPTONICA\TEMP\DEBUG\LIBLEPT169\CCBORD.OBJ
E:\WORK\PROJECT\TESSERACT_OCR\SOURCE\TESSERACT3.02\LEPTONICA\TEMP\DEBUG\LIBLEPT169\CCTHIN.OBJ
E:\WORK\PROJECT\TESSERACT_OCR\SOURCE\TESSERACT3.02\LEPTONICA\TEMP\DEBUG\LIBLEPT169\CDJPEG.OBJ
E:\WORK\PROJECT\TESSERACT_OCR\SOURCE\TESSERACT3.02\LEPTONICA\TEMP\DEBUG\LIBLEPT169\CJPEG.OBJ
E:\work\project\Tesseract_Ocr\source\Tesseract3.02\leptonica\Temp\Debug\liblept169\cl.command.1.tlog
E:\work\project\Tesseract_Ocr\source\Tesseract3.02\leptonica\Temp\Debug\liblept169\CL.read.1.tlog
E:\work\project\Tesseract_Ocr\source\Tesseract3.02\leptonica\Temp\Debug\liblept169\CL.write.1.tlog
E:\WORK\PROJECT\TESSERACT_OCR\SOURCE\TESSERACT3.02\LEPTONICA\TEMP\DEBUG\LIBLEPT169\CLASSAPP.OBJ
E:\WORK\PROJECT\TESSERACT_OCR\SOURCE\TESSERACT3.02\LEPTONICA\TEMP\DEBUG\LIBLEPT169\COLORCONTENT.OBJ
E:\WORK\PROJECT\TESSERACT_OCR\SOURCE\TESSERACT3.02\LEPTONICA\TEMP\DEBUG\LIBLEPT169\COLORING.OBJ
E:\WORK\PROJECT\TESSERACT_OCR\SOURCE\TESSERACT3.02\LEPTONICA\TEMP\DEBUG\LIBLEPT169\COLORMAP.OBJ
E:\WORK\PROJECT\TESSERACT_OCR\SOURCE\TESSERACT3.02\LEPTONICA\TEMP\DEBUG\LIBLEPT169\COLORMORPH.OBJ
E:\WORK\PROJECT\TESSERACT_OCR\SOURCE\TESSERACT3.02\LEPTONICA\TEMP\DEBUG\LIBLEPT169\COLORQUANT1.OBJ
E:\WORK\PROJECT\TESSERACT_OCR\SOURCE\TESSERACT3.02\LEPTONICA\TEMP\DEBUG\LIBLEPT169\COLORQUANT2.OBJ
E:\WORK\PROJECT\TESSERACT_OCR\SOURCE\TESSERACT3.02\LEPTONICA\TEMP\DEBUG\LIBLEPT169\COLORSEG.OBJ
E:\WORK\PROJECT\TESSERACT_OCR\SOURCE\TESSERACT3.02\LEPTONICA\TEMP\DEBUG\LIBLEPT169\COLORSPACE.OBJ
E:\WORK\PROJECT\TESSERACT_OCR\SOURCE\TESSERACT3.02\LEPTONICA\TEMP\DEBUG\LIBLEPT169\COMPARE.OBJ
E:\WORK\PROJECT\TESSERACT_OCR\SOURCE\TESSERACT3.02\LEPTONICA\TEMP\DEBUG\LIBLEPT169\COMPRESS.OBJ
E:\WORK\PROJECT\TESSERACT_OCR\SOURCE\TESSERACT3.02\LEPTONICA\TEMP\DEBUG\LIBLEPT169\CONNCOMP.OBJ
E:\WORK\PROJECT\TESSERACT_OCR\SOURCE\TESSERACT3.02\LEPTONICA\TEMP\DEBUG\LIBLEPT169\CONVERTFILES.OBJ
E:\WORK\PROJECT\TESSERACT_OCR\SOURCE\TESSERACT3.02\LEPTONICA\TEMP\DEBUG\LIBLEPT169\CONVOLVE.OBJ
E:\WORK\PROJECT\TESSERACT_OCR\SOURCE\TESSERACT3.02\LEPTONICA\TEMP\DEBUG\LIBLEPT169\CONVOLVELOW.OBJ
E:\WORK\PROJECT\TESSERACT_OCR\SOURCE\TESSERACT3.02\LEPTONICA\TEMP\DEBUG\LIBLEPT169\CORRELSCORE.OBJ
E:\WORK\PROJECT\TESSERACT_OCR\SOURCE\TESSERACT3.02\LEPTONICA\TEMP\DEBUG\LIBLEPT169\CRC32.OBJ
E:\WORK\PROJECT\TESSERACT_OCR\SOURCE\TESSERACT3.02\LEPTONICA\TEMP\DEBUG\LIBLEPT169\DEFLATE.OBJ
E:\WORK\PROJECT\TESSERACT_OCR\SOURCE\TESSERACT3.02\LEPTONICA\TEMP\DEBUG\LIBLEPT169\DEWARP.OBJ
E:\WORK\PROJECT\TESSERACT_OCR\SOURCE\TESSERACT3.02\LEPTONICA\TEMP\DEBUG\LIBLEPT169\DGIF_LIB.OBJ
E:\WORK\PROJECT\TESSERACT_OCR\SOURCE\TESSERACT3.02\LEPTONICA\TEMP\DEBUG\LIBLEPT169\DNABASIC.OBJ
E:\WORK\PROJECT\TESSERACT_OCR\SOURCE\TESSERACT3.02\LEPTONICA\TEMP\DEBUG\LIBLEPT169\DWACOMB.2.OBJ
E:\WORK\PROJECT\TESSERACT_OCR\SOURCE\TESSERACT3.02\LEPTONICA\TEMP\DEBUG\LIBLEPT169\DWACOMBLOW.2.OBJ
E:\WORK\PROJECT\TESSERACT_OCR\SOURCE\TESSERACT3.02\LEPTONICA\TEMP\DEBUG\LIBLEPT169\EDGE.OBJ
E:\WORK\PROJECT\TESSERACT_OCR\SOURCE\TESSERACT3.02\LEPTONICA\TEMP\DEBUG\LIBLEPT169\EGIF_LIB.OBJ
E:\WORK\PROJECT\TESSERACT_OCR\SOURCE\TESSERACT3.02\LEPTONICA\TEMP\DEBUG\LIBLEPT169\ENHANCE.OBJ
E:\WORK\PROJECT\TESSERACT_OCR\SOURCE\TESSERACT3.02\LEPTONICA\TEMP\DEBUG\LIBLEPT169\FHMTAUTO.OBJ
E:\WORK\PROJECT\TESSERACT_OCR\SOURCE\TESSERACT3.02\LEPTONICA\TEMP\DEBUG\LIBLEPT169\FHMTGEN.1.OBJ
E:\WORK\PROJECT\TESSERACT_OCR\SOURCE\TESSERACT3.02\LEPTONICA\TEMP\DEBUG\LIBLEPT169\FHMTGENLOW.1.OBJ
E:\WORK\PROJECT\TESSERACT_OCR\SOURCE\TESSERACT3.02\LEPTONICA\TEMP\DEBUG\LIBLEPT169\FINDITALIC.OBJ
E:\WORK\PROJECT\TESSERACT_OCR\SOURCE\TESSERACT3.02\LEPTONICA\TEMP\DEBUG\LIBLEPT169\FLIPDETECT.OBJ
E:\WORK\PROJECT\TESSERACT_OCR\SOURCE\TESSERACT3.02\LEPTONICA\TEMP\DEBUG\LIBLEPT169\FLIPHMTGEN.OBJ
E:\WORK\PROJECT\TESSERACT_OCR\SOURCE\TESSERACT3.02\LEPTONICA\TEMP\DEBUG\LIBLEPT169\FMORPHAUTO.OBJ
E:\WORK\PROJECT\TESSERACT_OCR\SOURCE\TESSERACT3.02\LEPTONICA\TEMP\DEBUG\LIBLEPT169\FMORPHGEN.1.OBJ
E:\WORK\PROJECT\TESSERACT_OCR\SOURCE\TESSERACT3.02\LEPTONICA\TEMP\DEBUG\LIBLEPT169\FMORPHGENLOW.1.OBJ
E:\WORK\PROJECT\TESSERACT_OCR\SOURCE\TESSERACT3.02\LEPTONICA\TEMP\DEBUG\LIBLEPT169\FPIX1.OBJ
E:\WORK\PROJECT\TESSERACT_OCR\SOURCE\TESSERACT3.02\LEPTONICA\TEMP\DEBUG\LIBLEPT169\FPIX2.OBJ
E:\WORK\PROJECT\TESSERACT_OCR\SOURCE\TESSERACT3.02\LEPTONICA\TEMP\DEBUG\LIBLEPT169\GIF_ERR.OBJ
E:\WORK\PROJECT\TESSERACT_OCR\SOURCE\TESSERACT3.02\LEPTONICA\TEMP\DEBUG\LIBLEPT169\GIF_FONT.OBJ
E:\WORK\PROJECT\TESSERACT_OCR\SOURCE\TESSERACT3.02\LEPTONICA\TEMP\DEBUG\LIBLEPT169\GIF_HASH.OBJ
E:\WORK\PROJECT\TESSERACT_OCR\SOURCE\TESSERACT3.02\LEPTONICA\TEMP\DEBUG\LIBLEPT169\GIFALLOC.OBJ
E:\WORK\PROJECT\TESSERACT_OCR\SOURCE\TESSERACT3.02\LEPTONICA\TEMP\DEBUG\LIBLEPT169\GIFIO.OBJ
E:\WORK\PROJECT\TESSERACT_OCR\SOURCE\TESSERACT3.02\LEPTONICA\TEMP\DEBUG\LIBLEPT169\GPLOT.OBJ
E:\WORK\PROJECT\TESSERACT_OCR\SOURCE\TESSERACT3.02\LEPTONICA\TEMP\DEBUG\LIBLEPT169\GRAPHICS.OBJ
E:\WORK\PROJECT\TESSERACT_OCR\SOURCE\TESSERACT3.02\LEPTONICA\TEMP\DEBUG\LIBLEPT169\GRAYMORPH.OBJ
E:\WORK\PROJECT\TESSERACT_OCR\SOURCE\TESSERACT3.02\LEPTONICA\TEMP\DEBUG\LIBLEPT169\GRAYMORPHLOW.OBJ
E:\WORK\PROJECT\TESSERACT_OCR\SOURCE\TESSERACT3.02\LEPTONICA\TEMP\DEBUG\LIBLEPT169\GRAYQUANT.OBJ
E:\WORK\PROJECT\TESSERACT_OCR\SOURCE\TESSERACT3.02\LEPTONICA\TEMP\DEBUG\LIBLEPT169\GRAYQUANTLOW.OBJ
E:\WORK\PROJECT\TESSERACT_OCR\SOURCE\TESSERACT3.02\LEPTONICA\TEMP\DEBUG\LIBLEPT169\GZLIB.OBJ
E:\WORK\PROJECT\TESSERACT_OCR\SOURCE\TESSERACT3.02\LEPTONICA\TEMP\DEBUG\LIBLEPT169\GZREAD.OBJ
E:\WORK\PROJECT\TESSERACT_OCR\SOURCE\TESSERACT3.02\LEPTONICA\TEMP\DEBUG\LIBLEPT169\GZWRITE.OBJ
E:\WORK\PROJECT\TESSERACT_OCR\SOURCE\TESSERACT3.02\LEPTONICA\TEMP\DEBUG\LIBLEPT169\HEAP.OBJ
E:\WORK\PROJECT\TESSERACT_OCR\SOURCE\TESSERACT3.02\LEPTONICA\TEMP\DEBUG\LIBLEPT169\INFBACK.OBJ
E:\WORK\PROJECT\TESSERACT_OCR\SOURCE\TESSERACT3.02\LEPTONICA\TEMP\DEBUG\LIBLEPT169\INFFAST.OBJ
E:\WORK\PROJECT\TESSERACT_OCR\SOURCE\TESSERACT3.02\LEPTONICA\TEMP\DEBUG\LIBLEPT169\INFLATE.OBJ
E:\WORK\PROJECT\TESSERACT_OCR\SOURCE\TESSERACT3.02\LEPTONICA\TEMP\DEBUG\LIBLEPT169\INFTREES.OBJ
E:\WORK\PROJECT\TESSERACT_OCR\SOURCE\TESSERACT3.02\LEPTONICA\TEMP\DEBUG\LIBLEPT169\JARICOM.OBJ
E:\WORK\PROJECT\TESSERACT_OCR\SOURCE\TESSERACT3.02\LEPTONICA\TEMP\DEBUG\LIBLEPT169\JBCLASS.OBJ
E:\WORK\PROJECT\TESSERACT_OCR\SOURCE\TESSERACT3.02\LEPTONICA\TEMP\DEBUG\LIBLEPT169\JCAPIMIN.OBJ
E:\WORK\PROJECT\TESSERACT_OCR\SOURCE\TESSERACT3.02\LEPTONICA\TEMP\DEBUG\LIBLEPT169\JCAPISTD.OBJ
E:\WORK\PROJECT\TESSERACT_OCR\SOURCE\TESSERACT3.02\LEPTONICA\TEMP\DEBUG\LIBLEPT169\JCARITH.OBJ
E:\WORK\PROJECT\TESSERACT_OCR\SOURCE\TESSERACT3.02\LEPTONICA\TEMP\DEBUG\LIBLEPT169\JCCOEFCT.OBJ
E:\WORK\PROJECT\TESSERACT_OCR\SOURCE\TESSERACT3.02\LEPTONICA\TEMP\DEBUG\LIBLEPT169\JCCOLOR.OBJ
E:\WORK\PROJECT\TESSERACT_OCR\SOURCE\TESSERACT3.02\LEPTONICA\TEMP\DEBUG\LIBLEPT169\JCDCTMGR.OBJ
E:\WORK\PROJECT\TESSERACT_OCR\SOURCE\TESSERACT3.02\LEPTONICA\TEMP\DEBUG\LIBLEPT169\JCHUFF.OBJ
E:\WORK\PROJECT\TESSERACT_OCR\SOURCE\TESSERACT3.02\LEPTONICA\TEMP\DEBUG\LIBLEPT169\JCINIT.OBJ
E:\WORK\PROJECT\TESSERACT_OCR\SOURCE\TESSERACT3.02\LEPTONICA\TEMP\DEBUG\LIBLEPT169\JCMAINCT.OBJ
E:\WORK\PROJECT\TESSERACT_OCR\SOURCE\TESSERACT3.02\LEPTONICA\TEMP\DEBUG\LIBLEPT169\JCMARKER.OBJ
E:\WORK\PROJECT\TESSERACT_OCR\SOURCE\TESSERACT3.02\LEPTONICA\TEMP\DEBUG\LIBLEPT169\JCMASTER.OBJ
E:\WORK\PROJECT\TESSERACT_OCR\SOURCE\TESSERACT3.02\LEPTONICA\TEMP\DEBUG\LIBLEPT169\JCOMAPI.OBJ
E:\WORK\PROJECT\TESSERACT_OCR\SOURCE\TESSERACT3.02\LEPTONICA\TEMP\DEBUG\LIBLEPT169\JCPARAM.OBJ
E:\WORK\PROJECT\TESSERACT_OCR\SOURCE\TESSERACT3.02\LEPTONICA\TEMP\DEBUG\LIBLEPT169\JCPREPCT.OBJ
E:\WORK\PROJECT\TESSERACT_OCR\SOURCE\TESSERACT3.02\LEPTONICA\TEMP\DEBUG\LIBLEPT169\JCSAMPLE.OBJ
E:\WORK\PROJECT\TESSERACT_OCR\SOURCE\TESSERACT3.02\LEPTONICA\TEMP\DEBUG\LIBLEPT169\JCTRANS.OBJ
E:\WORK\PROJECT\TESSERACT_OCR\SOURCE\TESSERACT3.02\LEPTONICA\TEMP\DEBUG\LIBLEPT169\JDAPIMIN.OBJ
E:\WORK\PROJECT\TESSERACT_OCR\SOURCE\TESSERACT3.02\LEPTONICA\TEMP\DEBUG\LIBLEPT169\JDAPISTD.OBJ
E:\WORK\PROJECT\TESSERACT_OCR\SOURCE\TESSERACT3.02\LEPTONICA\TEMP\DEBUG\LIBLEPT169\JDARITH.OBJ
E:\WORK\PROJECT\TESSERACT_OCR\SOURCE\TESSERACT3.02\LEPTONICA\TEMP\DEBUG\LIBLEPT169\JDATADST.OBJ
E:\WORK\PROJECT\TESSERACT_OCR\SOURCE\TESSERACT3.02\LEPTONICA\TEMP\DEBUG\LIBLEPT169\JDATASRC.OBJ
E:\WORK\PROJECT\TESSERACT_OCR\SOURCE\TESSERACT3.02\LEPTONICA\TEMP\DEBUG\LIBLEPT169\JDCOEFCT.OBJ
E:\WORK\PROJECT\TESSERACT_OCR\SOURCE\TESSERACT3.02\LEPTONICA\TEMP\DEBUG\LIBLEPT169\JDCOLOR.OBJ
E:\WORK\PROJECT\TESSERACT_OCR\SOURCE\TESSERACT3.02\LEPTONICA\TEMP\DEBUG\LIBLEPT169\JDDCTMGR.OBJ
E:\WORK\PROJECT\TESSERACT_OCR\SOURCE\TESSERACT3.02\LEPTONICA\TEMP\DEBUG\LIBLEPT169\JDHUFF.OBJ
E:\WORK\PROJECT\TESSERACT_OCR\SOURCE\TESSERACT3.02\LEPTONICA\TEMP\DEBUG\LIBLEPT169\JDINPUT.OBJ
E:\WORK\PROJECT\TESSERACT_OCR\SOURCE\TESSERACT3.02\LEPTONICA\TEMP\DEBUG\LIBLEPT169\JDMAINCT.OBJ
E:\WORK\PROJECT\TESSERACT_OCR\SOURCE\TESSERACT3.02\LEPTONICA\TEMP\DEBUG\LIBLEPT169\JDMARKER.OBJ
E:\WORK\PROJECT\TESSERACT_OCR\SOURCE\TESSERACT3.02\LEPTONICA\TEMP\DEBUG\LIBLEPT169\JDMASTER.OBJ
E:\WORK\PROJECT\TESSERACT_OCR\SOURCE\TESSERACT3.02\LEPTONICA\TEMP\DEBUG\LIBLEPT169\JDMERGE.OBJ
E:\WORK\PROJECT\TESSERACT_OCR\SOURCE\TESSERACT3.02\LEPTONICA\TEMP\DEBUG\LIBLEPT169\JDPOSTCT.OBJ
E:\WORK\PROJECT\TESSERACT_OCR\SOURCE\TESSERACT3.02\LEPTONICA\TEMP\DEBUG\LIBLEPT169\JDSAMPLE.OBJ
E:\WORK\PROJECT\TESSERACT_OCR\SOURCE\TESSERACT3.02\LEPTONICA\TEMP\DEBUG\LIBLEPT169\JDTRANS.OBJ
E:\WORK\PROJECT\TESSERACT_OCR\SOURCE\TESSERACT3.02\LEPTONICA\TEMP\DEBUG\LIBLEPT169\JERROR.OBJ
E:\WORK\PROJECT\TESSERACT_OCR\SOURCE\TESSERACT3.02\LEPTONICA\TEMP\DEBUG\LIBLEPT169\JFDCTFLT.OBJ
E:\WORK\PROJECT\TESSERACT_OCR\SOURCE\TESSERACT3.02\LEPTONICA\TEMP\DEBUG\LIBLEPT169\JFDCTFST.OBJ
E:\WORK\PROJECT\TESSERACT_OCR\SOURCE\TESSERACT3.02\LEPTONICA\TEMP\DEBUG\LIBLEPT169\JFDCTINT.OBJ
E:\WORK\PROJECT\TESSERACT_OCR\SOURCE\TESSERACT3.02\LEPTONICA\TEMP\DEBUG\LIBLEPT169\JIDCTFLT.OBJ
E:\WORK\PROJECT\TESSERACT_OCR\SOURCE\TESSERACT3.02\LEPTONICA\TEMP\DEBUG\LIBLEPT169\JIDCTFST.OBJ
E:\WORK\PROJECT\TESSERACT_OCR\SOURCE\TESSERACT3.02\LEPTONICA\TEMP\DEBUG\LIBLEPT169\JIDCTINT.OBJ
E:\WORK\PROJECT\TESSERACT_OCR\SOURCE\TESSERACT3.02\LEPTONICA\TEMP\DEBUG\LIBLEPT169\JMEMMGR.OBJ
E:\WORK\PROJECT\TESSERACT_OCR\SOURCE\TESSERACT3.02\LEPTONICA\TEMP\DEBUG\LIBLEPT169\JMEMNAME.OBJ
E:\WORK\PROJECT\TESSERACT_OCR\SOURCE\TESSERACT3.02\LEPTONICA\TEMP\DEBUG\LIBLEPT169\JPEGIO.OBJ
E:\WORK\PROJECT\TESSERACT_OCR\SOURCE\TESSERACT3.02\LEPTONICA\TEMP\DEBUG\LIBLEPT169\JQUANT1.OBJ
E:\WORK\PROJECT\TESSERACT_OCR\SOURCE\TESSERACT3.02\LEPTONICA\TEMP\DEBUG\LIBLEPT169\JQUANT2.OBJ
E:\WORK\PROJECT\TESSERACT_OCR\SOURCE\TESSERACT3.02\LEPTONICA\TEMP\DEBUG\LIBLEPT169\JUTILS.OBJ
E:\WORK\PROJECT\TESSERACT_OCR\SOURCE\TESSERACT3.02\LEPTONICA\TEMP\DEBUG\LIBLEPT169\KERNEL.OBJ
E:\work\project\Tesseract_Ocr\source\Tesseract3.02\leptonica\Temp\Debug\liblept169\leptonica.vcxprojResolveAssemblyReference.cache
E:\WORK\PROJECT\TESSERACT_OCR\SOURCE\TESSERACT3.02\LEPTONICA\TEMP\DEBUG\LIBLEPT169\LEPTWIN.OBJ
E:\work\project\Tesseract_Ocr\source\Tesseract3.02\leptonica\Temp\Debug\liblept169\lib.command.1.tlog
E:\work\project\Tesseract_Ocr\source\Tesseract3.02\leptonica\Temp\Debug\liblept169\liblept169.write.1.tlog
E:\work\project\Tesseract_Ocr\source\Tesseract3.02\leptonica\Temp\Debug\liblept169\Lib-link.read.1.tlog
E:\work\project\Tesseract_Ocr\source\Tesseract3.02\leptonica\Temp\Debug\liblept169\Lib-link.write.1.tlog
E:\WORK\PROJECT\TESSERACT_OCR\SOURCE\TESSERACT3.02\LEPTONICA\TEMP\DEBUG\LIBLEPT169\LIBVERSIONS.OBJ
E:\WORK\PROJECT\TESSERACT_OCR\SOURCE\TESSERACT3.02\LEPTONICA\TEMP\DEBUG\LIBLEPT169\LIST.OBJ
E:\WORK\PROJECT\TESSERACT_OCR\SOURCE\TESSERACT3.02\LEPTONICA\TEMP\DEBUG\LIBLEPT169\MAZE.OBJ
E:\WORK\PROJECT\TESSERACT_OCR\SOURCE\TESSERACT3.02\LEPTONICA\TEMP\DEBUG\LIBLEPT169\MORPH.OBJ
E:\WORK\PROJECT\TESSERACT_OCR\SOURCE\TESSERACT3.02\LEPTONICA\TEMP\DEBUG\LIBLEPT169\MORPHAPP.OBJ
E:\WORK\PROJECT\TESSERACT_OCR\SOURCE\TESSERACT3.02\LEPTONICA\TEMP\DEBUG\LIBLEPT169\MORPHDWA.OBJ
E:\WORK\PROJECT\TESSERACT_OCR\SOURCE\TESSERACT3.02\LEPTONICA\TEMP\DEBUG\LIBLEPT169\MORPHSEQ.OBJ
E:\WORK\PROJECT\TESSERACT_OCR\SOURCE\TESSERACT3.02\LEPTONICA\TEMP\DEBUG\LIBLEPT169\NUMABASIC.OBJ
E:\WORK\PROJECT\TESSERACT_OCR\SOURCE\TESSERACT3.02\LEPTONICA\TEMP\DEBUG\LIBLEPT169\NUMAFUNC1.OBJ
E:\WORK\PROJECT\TESSERACT_OCR\SOURCE\TESSERACT3.02\LEPTONICA\TEMP\DEBUG\LIBLEPT169\NUMAFUNC2.OBJ
E:\WORK\PROJECT\TESSERACT_OCR\SOURCE\TESSERACT3.02\LEPTONICA\TEMP\DEBUG\LIBLEPT169\PAGESEG.OBJ
E:\WORK\PROJECT\TESSERACT_OCR\SOURCE\TESSERACT3.02\LEPTONICA\TEMP\DEBUG\LIBLEPT169\PAINTCMAP.OBJ
E:\WORK\PROJECT\TESSERACT_OCR\SOURCE\TESSERACT3.02\LEPTONICA\TEMP\DEBUG\LIBLEPT169\PARSEPROTOS.OBJ
E:\WORK\PROJECT\TESSERACT_OCR\SOURCE\TESSERACT3.02\LEPTONICA\TEMP\DEBUG\LIBLEPT169\PARTITION.OBJ
E:\WORK\PROJECT\TESSERACT_OCR\SOURCE\TESSERACT3.02\LEPTONICA\TEMP\DEBUG\LIBLEPT169\PDFIO.OBJ
E:\WORK\PROJECT\TESSERACT_OCR\SOURCE\TESSERACT3.02\LEPTONICA\TEMP\DEBUG\LIBLEPT169\PIX1.OBJ
E:\WORK\PROJECT\TESSERACT_OCR\SOURCE\TESSERACT3.02\LEPTONICA\TEMP\DEBUG\LIBLEPT169\PIX2.OBJ
E:\WORK\PROJECT\TESSERACT_OCR\SOURCE\TESSERACT3.02\LEPTONICA\TEMP\DEBUG\LIBLEPT169\PIX3.OBJ
E:\WORK\PROJECT\TESSERACT_OCR\SOURCE\TESSERACT3.02\LEPTONICA\TEMP\DEBUG\LIBLEPT169\PIX4.OBJ
E:\WORK\PROJECT\TESSERACT_OCR\SOURCE\TESSERACT3.02\LEPTONICA\TEMP\DEBUG\LIBLEPT169\PIX5.OBJ
E:\WORK\PROJECT\TESSERACT_OCR\SOURCE\TESSERACT3.02\LEPTONICA\TEMP\DEBUG\LIBLEPT169\PIXABASIC.OBJ
E:\WORK\PROJECT\TESSERACT_OCR\SOURCE\TESSERACT3.02\LEPTONICA\TEMP\DEBUG\LIBLEPT169\PIXACC.OBJ
E:\WORK\PROJECT\TESSERACT_OCR\SOURCE\TESSERACT3.02\LEPTONICA\TEMP\DEBUG\LIBLEPT169\PIXAFUNC1.OBJ
E:\WORK\PROJECT\TESSERACT_OCR\SOURCE\TESSERACT3.02\LEPTONICA\TEMP\DEBUG\LIBLEPT169\PIXAFUNC2.OBJ
E:\WORK\PROJECT\TESSERACT_OCR\SOURCE\TESSERACT3.02\LEPTONICA\TEMP\DEBUG\LIBLEPT169\PIXALLOC.OBJ
E:\WORK\PROJECT\TESSERACT_OCR\SOURCE\TESSERACT3.02\LEPTONICA\TEMP\DEBUG\LIBLEPT169\PIXARITH.OBJ
E:\WORK\PROJECT\TESSERACT_OCR\SOURCE\TESSERACT3.02\LEPTONICA\TEMP\DEBUG\LIBLEPT169\PIXCOMP.OBJ
E:\WORK\PROJECT\TESSERACT_OCR\SOURCE\TESSERACT3.02\LEPTONICA\TEMP\DEBUG\LIBLEPT169\PIXCONV.OBJ
E:\WORK\PROJECT\TESSERACT_OCR\SOURCE\TESSERACT3.02\LEPTONICA\TEMP\DEBUG\LIBLEPT169\PIXTILING.OBJ
E:\WORK\PROJECT\TESSERACT_OCR\SOURCE\TESSERACT3.02\LEPTONICA\TEMP\DEBUG\LIBLEPT169\PNG.OBJ
E:\WORK\PROJECT\TESSERACT_OCR\SOURCE\TESSERACT3.02\LEPTONICA\TEMP\DEBUG\LIBLEPT169\PNGERROR.OBJ
E:\WORK\PROJECT\TESSERACT_OCR\SOURCE\TESSERACT3.02\LEPTONICA\TEMP\DEBUG\LIBLEPT169\PNGGET.OBJ
E:\WORK\PROJECT\TESSERACT_OCR\SOURCE\TESSERACT3.02\LEPTONICA\TEMP\DEBUG\LIBLEPT169\PNGIO.OBJ
E:\WORK\PROJECT\TESSERACT_OCR\SOURCE\TESSERACT3.02\LEPTONICA\TEMP\DEBUG\LIBLEPT169\PNGMEM.OBJ
E:\WORK\PROJECT\TESSERACT_OCR\SOURCE\TESSERACT3.02\LEPTONICA\TEMP\DEBUG\LIBLEPT169\PNGPREAD.OBJ
E:\WORK\PROJECT\TESSERACT_OCR\SOURCE\TESSERACT3.02\LEPTONICA\TEMP\DEBUG\LIBLEPT169\PNGREAD.OBJ
E:\WORK\PROJECT\TESSERACT_OCR\SOURCE\TESSERACT3.02\LEPTONICA\TEMP\DEBUG\LIBLEPT169\PNGRIO.OBJ
E:\WORK\PROJECT\TESSERACT_OCR\SOURCE\TESSERACT3.02\LEPTONICA\TEMP\DEBUG\LIBLEPT169\PNGRTRAN.OBJ
E:\WORK\PROJECT\TESSERACT_OCR\SOURCE\TESSERACT3.02\LEPTONICA\TEMP\DEBUG\LIBLEPT169\PNGRUTIL.OBJ
E:\WORK\PROJECT\TESSERACT_OCR\SOURCE\TESSERACT3.02\LEPTONICA\TEMP\DEBUG\LIBLEPT169\PNGSET.OBJ
E:\WORK\PROJECT\TESSERACT_OCR\SOURCE\TESSERACT3.02\LEPTONICA\TEMP\DEBUG\LIBLEPT169\PNGTRANS.OBJ
E:\WORK\PROJECT\TESSERACT_OCR\SOURCE\TESSERACT3.02\LEPTONICA\TEMP\DEBUG\LIBLEPT169\PNGWIO.OBJ
E:\WORK\PROJECT\TESSERACT_OCR\SOURCE\TESSERACT3.02\LEPTONICA\TEMP\DEBUG\LIBLEPT169\PNGWRITE.OBJ
E:\WORK\PROJECT\TESSERACT_OCR\SOURCE\TESSERACT3.02\LEPTONICA\TEMP\DEBUG\LIBLEPT169\PNGWTRAN.OBJ
E:\WORK\PROJECT\TESSERACT_OCR\SOURCE\TESSERACT3.02\LEPTONICA\TEMP\DEBUG\LIBLEPT169\PNGWUTIL.OBJ
E:\WORK\PROJECT\TESSERACT_OCR\SOURCE\TESSERACT3.02\LEPTONICA\TEMP\DEBUG\LIBLEPT169\PNMIO.OBJ
E:\WORK\PROJECT\TESSERACT_OCR\SOURCE\TESSERACT3.02\LEPTONICA\TEMP\DEBUG\LIBLEPT169\PROJECTIVE.OBJ
E:\WORK\PROJECT\TESSERACT_OCR\SOURCE\TESSERACT3.02\LEPTONICA\TEMP\DEBUG\LIBLEPT169\PSIO1.OBJ
E:\WORK\PROJECT\TESSERACT_OCR\SOURCE\TESSERACT3.02\LEPTONICA\TEMP\DEBUG\LIBLEPT169\PSIO2.OBJ
E:\WORK\PROJECT\TESSERACT_OCR\SOURCE\TESSERACT3.02\LEPTONICA\TEMP\DEBUG\LIBLEPT169\PTABASIC.OBJ
E:\WORK\PROJECT\TESSERACT_OCR\SOURCE\TESSERACT3.02\LEPTONICA\TEMP\DEBUG\LIBLEPT169\PTAFUNC1.OBJ
E:\WORK\PROJECT\TESSERACT_OCR\SOURCE\TESSERACT3.02\LEPTONICA\TEMP\DEBUG\LIBLEPT169\PTRA.OBJ
E:\WORK\PROJECT\TESSERACT_OCR\SOURCE\TESSERACT3.02\LEPTONICA\TEMP\DEBUG\LIBLEPT169\QUADTREE.OBJ
E:\WORK\PROJECT\TESSERACT_OCR\SOURCE\TESSERACT3.02\LEPTONICA\TEMP\DEBUG\LIBLEPT169\QUANTIZE.OBJ
E:\WORK\PROJECT\TESSERACT_OCR\SOURCE\TESSERACT3.02\LEPTONICA\TEMP\DEBUG\LIBLEPT169\QUEUE.OBJ
E:\WORK\PROJECT\TESSERACT_OCR\SOURCE\TESSERACT3.02\LEPTONICA\TEMP\DEBUG\LIBLEPT169\RANK.OBJ
E:\WORK\PROJECT\TESSERACT_OCR\SOURCE\TESSERACT3.02\LEPTONICA\TEMP\DEBUG\LIBLEPT169\RDBMP.OBJ
E:\WORK\PROJECT\TESSERACT_OCR\SOURCE\TESSERACT3.02\LEPTONICA\TEMP\DEBUG\LIBLEPT169\RDCOLMAP.OBJ
E:\WORK\PROJECT\TESSERACT_OCR\SOURCE\TESSERACT3.02\LEPTONICA\TEMP\DEBUG\LIBLEPT169\RDGIF.OBJ
E:\WORK\PROJECT\TESSERACT_OCR\SOURCE\TESSERACT3.02\LEPTONICA\TEMP\DEBUG\LIBLEPT169\RDPPM.OBJ
E:\WORK\PROJECT\TESSERACT_OCR\SOURCE\TESSERACT3.02\LEPTONICA\TEMP\DEBUG\LIBLEPT169\RDRLE.OBJ
E:\WORK\PROJECT\TESSERACT_OCR\SOURCE\TESSERACT3.02\LEPTONICA\TEMP\DEBUG\LIBLEPT169\RDSWITCH.OBJ
E:\WORK\PROJECT\TESSERACT_OCR\SOURCE\TESSERACT3.02\LEPTONICA\TEMP\DEBUG\LIBLEPT169\RDTARGA.OBJ
E:\WORK\PROJECT\TESSERACT_OCR\SOURCE\TESSERACT3.02\LEPTONICA\TEMP\DEBUG\LIBLEPT169\READBARCODE.OBJ
E:\WORK\PROJECT\TESSERACT_OCR\SOURCE\TESSERACT3.02\LEPTONICA\TEMP\DEBUG\LIBLEPT169\READFILE.OBJ
E:\WORK\PROJECT\TESSERACT_OCR\SOURCE\TESSERACT3.02\LEPTONICA\TEMP\DEBUG\LIBLEPT169\REGUTILS.OBJ
E:\WORK\PROJECT\TESSERACT_OCR\SOURCE\TESSERACT3.02\LEPTONICA\TEMP\DEBUG\LIBLEPT169\ROP.OBJ
E:\WORK\PROJECT\TESSERACT_OCR\SOURCE\TESSERACT3.02\LEPTONICA\TEMP\DEBUG\LIBLEPT169\ROPIPLOW.OBJ
E:\WORK\PROJECT\TESSERACT_OCR\SOURCE\TESSERACT3.02\LEPTONICA\TEMP\DEBUG\LIBLEPT169\ROPLOW.OBJ
E:\WORK\PROJECT\TESSERACT_OCR\SOURCE\TESSERACT3.02\LEPTONICA\TEMP\DEBUG\LIBLEPT169\ROTATE.OBJ
E:\WORK\PROJECT\TESSERACT_OCR\SOURCE\TESSERACT3.02\LEPTONICA\TEMP\DEBUG\LIBLEPT169\ROTATEAM.OBJ
E:\WORK\PROJECT\TESSERACT_OCR\SOURCE\TESSERACT3.02\LEPTONICA\TEMP\DEBUG\LIBLEPT169\ROTATEAMLOW.OBJ
E:\WORK\PROJECT\TESSERACT_OCR\SOURCE\TESSERACT3.02\LEPTONICA\TEMP\DEBUG\LIBLEPT169\ROTATEORTH.OBJ
E:\WORK\PROJECT\TESSERACT_OCR\SOURCE\TESSERACT3.02\LEPTONICA\TEMP\DEBUG\LIBLEPT169\ROTATEORTHLOW.OBJ
E:\WORK\PROJECT\TESSERACT_OCR\SOURCE\TESSERACT3.02\LEPTONICA\TEMP\DEBUG\LIBLEPT169\ROTATESHEAR.OBJ
E:\WORK\PROJECT\TESSERACT_OCR\SOURCE\TESSERACT3.02\LEPTONICA\TEMP\DEBUG\LIBLEPT169\RUNLENGTH.OBJ
E:\WORK\PROJECT\TESSERACT_OCR\SOURCE\TESSERACT3.02\LEPTONICA\TEMP\DEBUG\LIBLEPT169\SARRAY.OBJ
E:\WORK\PROJECT\TESSERACT_OCR\SOURCE\TESSERACT3.02\LEPTONICA\TEMP\DEBUG\LIBLEPT169\SCALE.OBJ
E:\WORK\PROJECT\TESSERACT_OCR\SOURCE\TESSERACT3.02\LEPTONICA\TEMP\DEBUG\LIBLEPT169\SCALELOW.OBJ
E:\WORK\PROJECT\TESSERACT_OCR\SOURCE\TESSERACT3.02\LEPTONICA\TEMP\DEBUG\LIBLEPT169\SEEDFILL.OBJ
E:\WORK\PROJECT\TESSERACT_OCR\SOURCE\TESSERACT3.02\LEPTONICA\TEMP\DEBUG\LIBLEPT169\SEEDFILLLOW.OBJ
E:\WORK\PROJECT\TESSERACT_OCR\SOURCE\TESSERACT3.02\LEPTONICA\TEMP\DEBUG\LIBLEPT169\SEL1.OBJ
E:\WORK\PROJECT\TESSERACT_OCR\SOURCE\TESSERACT3.02\LEPTONICA\TEMP\DEBUG\LIBLEPT169\SEL2.OBJ
E:\WORK\PROJECT\TESSERACT_OCR\SOURCE\TESSERACT3.02\LEPTONICA\TEMP\DEBUG\LIBLEPT169\SELGEN.OBJ
E:\WORK\PROJECT\TESSERACT_OCR\SOURCE\TESSERACT3.02\LEPTONICA\TEMP\DEBUG\LIBLEPT169\SHEAR.OBJ
E:\WORK\PROJECT\TESSERACT_OCR\SOURCE\TESSERACT3.02\LEPTONICA\TEMP\DEBUG\LIBLEPT169\SKEW.OBJ
E:\WORK\PROJECT\TESSERACT_OCR\SOURCE\TESSERACT3.02\LEPTONICA\TEMP\DEBUG\LIBLEPT169\SPIXIO.OBJ
E:\WORK\PROJECT\TESSERACT_OCR\SOURCE\TESSERACT3.02\LEPTONICA\TEMP\DEBUG\LIBLEPT169\STACK.OBJ
E:\WORK\PROJECT\TESSERACT_OCR\SOURCE\TESSERACT3.02\LEPTONICA\TEMP\DEBUG\LIBLEPT169\SUDOKU.OBJ
E:\WORK\PROJECT\TESSERACT_OCR\SOURCE\TESSERACT3.02\LEPTONICA\TEMP\DEBUG\LIBLEPT169\TEXTOPS.OBJ
E:\WORK\PROJECT\TESSERACT_OCR\SOURCE\TESSERACT3.02\LEPTONICA\TEMP\DEBUG\LIBLEPT169\TIF_AUX.OBJ
E:\WORK\PROJECT\TESSERACT_OCR\SOURCE\TESSERACT3.02\LEPTONICA\TEMP\DEBUG\LIBLEPT169\TIF_CLOSE.OBJ
E:\WORK\PROJECT\TESSERACT_OCR\SOURCE\TESSERACT3.02\LEPTONICA\TEMP\DEBUG\LIBLEPT169\TIF_CODEC.OBJ
E:\WORK\PROJECT\TESSERACT_OCR\SOURCE\TESSERACT3.02\LEPTONICA\TEMP\DEBUG\LIBLEPT169\TIF_COLOR.OBJ
E:\WORK\PROJECT\TESSERACT_OCR\SOURCE\TESSERACT3.02\LEPTONICA\TEMP\DEBUG\LIBLEPT169\TIF_COMPRESS.OBJ
E:\WORK\PROJECT\TESSERACT_OCR\SOURCE\TESSERACT3.02\LEPTONICA\TEMP\DEBUG\LIBLEPT169\TIF_DIR.OBJ
E:\WORK\PROJECT\TESSERACT_OCR\SOURCE\TESSERACT3.02\LEPTONICA\TEMP\DEBUG\LIBLEPT169\TIF_DIRINFO.OBJ
E:\WORK\PROJECT\TESSERACT_OCR\SOURCE\TESSERACT3.02\LEPTONICA\TEMP\DEBUG\LIBLEPT169\TIF_DIRREAD.OBJ
E:\WORK\PROJECT\TESSERACT_OCR\SOURCE\TESSERACT3.02\LEPTONICA\TEMP\DEBUG\LIBLEPT169\TIF_DIRWRITE.OBJ
E:\WORK\PROJECT\TESSERACT_OCR\SOURCE\TESSERACT3.02\LEPTONICA\TEMP\DEBUG\LIBLEPT169\TIF_DUMPMODE.OBJ
E:\WORK\PROJECT\TESSERACT_OCR\SOURCE\TESSERACT3.02\LEPTONICA\TEMP\DEBUG\LIBLEPT169\TIF_ERROR.OBJ
E:\WORK\PROJECT\TESSERACT_OCR\SOURCE\TESSERACT3.02\LEPTONICA\TEMP\DEBUG\LIBLEPT169\TIF_EXTENSION.OBJ
E:\WORK\PROJECT\TESSERACT_OCR\SOURCE\TESSERACT3.02\LEPTONICA\TEMP\DEBUG\LIBLEPT169\TIF_FAX3.OBJ
E:\WORK\PROJECT\TESSERACT_OCR\SOURCE\TESSERACT3.02\LEPTONICA\TEMP\DEBUG\LIBLEPT169\TIF_FAX3SM.OBJ
E:\WORK\PROJECT\TESSERACT_OCR\SOURCE\TESSERACT3.02\LEPTONICA\TEMP\DEBUG\LIBLEPT169\TIF_FLUSH.OBJ
E:\WORK\PROJECT\TESSERACT_OCR\SOURCE\TESSERACT3.02\LEPTONICA\TEMP\DEBUG\LIBLEPT169\TIF_GETIMAGE.OBJ
E:\WORK\PROJECT\TESSERACT_OCR\SOURCE\TESSERACT3.02\LEPTONICA\TEMP\DEBUG\LIBLEPT169\TIF_JBIG.OBJ
E:\WORK\PROJECT\TESSERACT_OCR\SOURCE\TESSERACT3.02\LEPTONICA\TEMP\DEBUG\LIBLEPT169\TIF_JPEG.OBJ
E:\WORK\PROJECT\TESSERACT_OCR\SOURCE\TESSERACT3.02\LEPTONICA\TEMP\DEBUG\LIBLEPT169\TIF_JPEG_12.OBJ
E:\WORK\PROJECT\TESSERACT_OCR\SOURCE\TESSERACT3.02\LEPTONICA\TEMP\DEBUG\LIBLEPT169\TIF_LUV.OBJ
E:\WORK\PROJECT\TESSERACT_OCR\SOURCE\TESSERACT3.02\LEPTONICA\TEMP\DEBUG\LIBLEPT169\TIF_LZMA.OBJ
E:\WORK\PROJECT\TESSERACT_OCR\SOURCE\TESSERACT3.02\LEPTONICA\TEMP\DEBUG\LIBLEPT169\TIF_LZW.OBJ
E:\WORK\PROJECT\TESSERACT_OCR\SOURCE\TESSERACT3.02\LEPTONICA\TEMP\DEBUG\LIBLEPT169\TIF_NEXT.OBJ
E:\WORK\PROJECT\TESSERACT_OCR\SOURCE\TESSERACT3.02\LEPTONICA\TEMP\DEBUG\LIBLEPT169\TIF_OJPEG.OBJ
E:\WORK\PROJECT\TESSERACT_OCR\SOURCE\TESSERACT3.02\LEPTONICA\TEMP\DEBUG\LIBLEPT169\TIF_OPEN.OBJ
E:\WORK\PROJECT\TESSERACT_OCR\SOURCE\TESSERACT3.02\LEPTONICA\TEMP\DEBUG\LIBLEPT169\TIF_PACKBITS.OBJ
E:\WORK\PROJECT\TESSERACT_OCR\SOURCE\TESSERACT3.02\LEPTONICA\TEMP\DEBUG\LIBLEPT169\TIF_PIXARLOG.OBJ
E:\WORK\PROJECT\TESSERACT_OCR\SOURCE\TESSERACT3.02\LEPTONICA\TEMP\DEBUG\LIBLEPT169\TIF_PREDICT.OBJ
E:\WORK\PROJECT\TESSERACT_OCR\SOURCE\TESSERACT3.02\LEPTONICA\TEMP\DEBUG\LIBLEPT169\TIF_PRINT.OBJ
E:\WORK\PROJECT\TESSERACT_OCR\SOURCE\TESSERACT3.02\LEPTONICA\TEMP\DEBUG\LIBLEPT169\TIF_READ.OBJ
E:\WORK\PROJECT\TESSERACT_OCR\SOURCE\TESSERACT3.02\LEPTONICA\TEMP\DEBUG\LIBLEPT169\TIF_STREAM.OBJ
E:\WORK\PROJECT\TESSERACT_OCR\SOURCE\TESSERACT3.02\LEPTONICA\TEMP\DEBUG\LIBLEPT169\TIF_STRIP.OBJ
E:\WORK\PROJECT\TESSERACT_OCR\SOURCE\TESSERACT3.02\LEPTONICA\TEMP\DEBUG\LIBLEPT169\TIF_SWAB.OBJ
E:\WORK\PROJECT\TESSERACT_OCR\SOURCE\TESSERACT3.02\LEPTONICA\TEMP\DEBUG\LIBLEPT169\TIF_THUNDER.OBJ
E:\WORK\PROJECT\TESSERACT_OCR\SOURCE\TESSERACT3.02\LEPTONICA\TEMP\DEBUG\LIBLEPT169\TIF_TILE.OBJ
E:\WORK\PROJECT\TESSERACT_OCR\SOURCE\TESSERACT3.02\LEPTONICA\TEMP\DEBUG\LIBLEPT169\TIF_VERSION.OBJ
E:\WORK\PROJECT\TESSERACT_OCR\SOURCE\TESSERACT3.02\LEPTONICA\TEMP\DEBUG\LIBLEPT169\TIF_WARNING.OBJ
E:\WORK\PROJECT\TESSERACT_OCR\SOURCE\TESSERACT3.02\LEPTONICA\TEMP\DEBUG\LIBLEPT169\TIF_WIN32.OBJ
E:\WORK\PROJECT\TESSERACT_OCR\SOURCE\TESSERACT3.02\LEPTONICA\TEMP\DEBUG\LIBLEPT169\TIF_WRITE.OBJ
E:\WORK\PROJECT\TESSERACT_OCR\SOURCE\TESSERACT3.02\LEPTONICA\TEMP\DEBUG\LIBLEPT169\TIF_ZIP.OBJ
E:\WORK\PROJECT\TESSERACT_OCR\SOURCE\TESSERACT3.02\LEPTONICA\TEMP\DEBUG\LIBLEPT169\TIFFIO.OBJ
E:\WORK\PROJECT\TESSERACT_OCR\SOURCE\TESSERACT3.02\LEPTONICA\TEMP\DEBUG\LIBLEPT169\TRANSUPP.OBJ
E:\WORK\PROJECT\TESSERACT_OCR\SOURCE\TESSERACT3.02\LEPTONICA\TEMP\DEBUG\LIBLEPT169\TREES.OBJ
E:\WORK\PROJECT\TESSERACT_OCR\SOURCE\TESSERACT3.02\LEPTONICA\TEMP\DEBUG\LIBLEPT169\UTILS.OBJ
E:\WORK\PROJECT\TESSERACT_OCR\SOURCE\TESSERACT3.02\LEPTONICA\TEMP\DEBUG\LIBLEPT169\VIEWFILES.OBJ
E:\WORK\PROJECT\TESSERACT_OCR\SOURCE\TESSERACT3.02\LEPTONICA\TEMP\DEBUG\LIBLEPT169\WARPER.OBJ
E:\WORK\PROJECT\TESSERACT_OCR\SOURCE\TESSERACT3.02\LEPTONICA\TEMP\DEBUG\LIBLEPT169\WATERSHED.OBJ
E:\WORK\PROJECT\TESSERACT_OCR\SOURCE\TESSERACT3.02\LEPTONICA\TEMP\DEBUG\LIBLEPT169\WEBPIOSTUB.OBJ
E:\WORK\PROJECT\TESSERACT_OCR\SOURCE\TESSERACT3.02\LEPTONICA\TEMP\DEBUG\LIBLEPT169\WRBMP.OBJ
E:\WORK\PROJECT\TESSERACT_OCR\SOURCE\TESSERACT3.02\LEPTONICA\TEMP\DEBUG\LIBLEPT169\WRGIF.OBJ
E:\WORK\PROJECT\TESSERACT_OCR\SOURCE\TESSERACT3.02\LEPTONICA\TEMP\DEBUG\LIBLEPT169\WRITEFILE.OBJ
E:\WORK\PROJECT\TESSERACT_OCR\SOURCE\TESSERACT3.02\LEPTONICA\TEMP\DEBUG\LIBLEPT169\WRPPM.OBJ
E:\WORK\PROJECT\TESSERACT_OCR\SOURCE\TESSERACT3.02\LEPTONICA\TEMP\DEBUG\LIBLEPT169\WRRLE.OBJ
E:\WORK\PROJECT\TESSERACT_OCR\SOURCE\TESSERACT3.02\LEPTONICA\TEMP\DEBUG\LIBLEPT169\WRTARGA.OBJ
E:\WORK\PROJECT\TESSERACT_OCR\SOURCE\TESSERACT3.02\LEPTONICA\TEMP\DEBUG\LIBLEPT169\ZLIBMEM.OBJ
E:\WORK\PROJECT\TESSERACT_OCR\SOURCE\TESSERACT3.02\LEPTONICA\TEMP\DEBUG\LIBLEPT169\ZUTIL.OBJ
